ptp4l[1039983.386]: selected /dev/ptp3 as PTP clock
ptp4l[1039983.387]: extracted phy8 for wlp4s0
ptp4l[1039983.389]: driver rejected most general HWTSTAMP filter
ptp4l[1039983.389]: port 1: INITIALIZING to LISTENING on INIT_COMPLETE
ptp4l[1039983.389]: port 0: INITIALIZING to LISTENING on INIT_COMPLETE
ptp4l[1039985.449]: port 1: new foreign master 20c9d0.fffe.32c61b-1
ptp4l[1039989.850]: selected best master clock 20c9d0.fffe.32c61b
ptp4l[1039989.850]: port 1: LISTENING to UNCALIBRATED on RS_SLAVE
ptp4l[1039990.950]: clock update master offset      -2700 s0 freq  -11210 path delay       836
ptp4l[1039991.500]: clock update master offset       -709 s0 freq  -11210 path delay       836
ptp4l[1039992.051]: clock update master offset      -2718 s0 freq  -11210 path delay       836
ptp4l[1039992.600]: clock update master offset      -2194 s2 freq  -13463 path delay       302
ptp4l[1039992.600]: port 1: UNCALIBRATED to SLAVE on MASTER_CLOCK_SELECTED
ptp4l[1039993.150]: clock update master offset      -1080 s2 freq  -13430 path delay       302
ptp4l[1039993.700]: clock update master offset       1022 s2 freq   -9482 path delay       302
ptp4l[1039994.250]: clock update master offset       1167 s2 freq   -8858 path delay       287
ptp4l[1039994.800]: clock update master offset      -1018 s2 freq  -10829 path delay       287
ptp4l[1039995.350]: clock update master offset      -1220 s2 freq  -12534 path delay       287
ptp4l[1039995.900]: clock update master offset        478 s2 freq  -11239 path delay       240
ptp4l[1039996.451]: clock update master offset       -516 s2 freq  -11105 path delay       240
ptp4l[1039997.000]: clock update master offset        446 s2 freq  -10538 path delay       216
ptp4l[1039997.550]: clock update master offset      -1899 s2 freq  -13606 path delay       216
ptp4l[1039998.100]: clock update master offset       1372 s2 freq  -10284 path delay       131
ptp4l[1039998.651]: clock update master offset        -97 s2 freq  -11067 path delay       131
ptp4l[1039999.200]: clock update master offset       1820 s2 freq   -9352 path delay       131
ptp4l[1039999.750]: clock update master offset      -2211 s2 freq  -12322 path delay       225
ptp4l[1040000.300]: clock update master offset       -667 s2 freq  -11519 path delay       225
ptp4l[1040000.851]: clock update master offset       -425 s2 freq  -11565 path delay       128
ptp4l[1040001.401]: clock update master offset        742 s2 freq  -10885 path delay       128
ptp4l[1040001.951]: clock update master offset       1570 s2 freq  -10633 path delay       128
ptp4l[1040002.501]: clock update master offset        274 s2 freq  -10642 path delay       128
ptp4l[1040003.051]: clock update master offset       -971 s2 freq  -11322 path delay        79
ptp4l[1040003.601]: clock update master offset         72 s2 freq  -10705 path delay        81
ptp4l[1040004.151]: clock update master offset      -2191 s2 freq  -12001 path delay        81
ptp4l[1040004.701]: clock update master offset       -806 s2 freq  -11518 path delay        81
ptp4l[1040005.251]: clock update master offset      -1663 s2 freq  -11755 path delay        84
ptp4l[1040005.801]: clock update master offset       -401 s2 freq  -11495 path delay        84
ptp4l[1040006.351]: clock update master offset        679 s2 freq  -11382 path delay       136
ptp4l[1040006.901]: clock update master offset        677 s2 freq  -11118 path delay       216
ptp4l[1040007.451]: clock update master offset      -1379 s2 freq  -11575 path delay       216
ptp4l[1040008.001]: clock update master offset       -206 s2 freq  -11290 path delay       216
ptp4l[1040008.551]: clock update master offset       1821 s2 freq  -11030 path delay       220
ptp4l[1040009.101]: clock update master offset       1722 s2 freq  -10836 path delay       220
ptp4l[1040009.652]: clock update master offset       -825 s2 freq  -11314 path delay       570
ptp4l[1040010.201]: clock update master offset       1216 s2 freq  -10953 path delay       570
ptp4l[1040010.751]: clock update master offset       -965 s2 freq  -11121 path delay       614
ptp4l[1040011.301]: clock update master offset      -1019 s2 freq  -11276 path delay       614
ptp4l[1040011.852]: clock update master offset        -43 s2 freq  -11223 path delay       661
ptp4l[1040012.401]: clock update master offset      -1046 s2 freq  -11309 path delay       661
ptp4l[1040012.952]: clock update master offset      -1902 s2 freq  -11789 path delay       557
ptp4l[1040013.502]: clock update master offset       -623 s2 freq  -11667 path delay       557
ptp4l[1040014.052]: clock update master offset      -1452 s2 freq  -11974 path delay       605
ptp4l[1040014.602]: clock update master offset        -80 s2 freq  -11763 path delay       605
ptp4l[1040015.152]: clock update master offset        187 s2 freq  -11520 path delay       605
ptp4l[1040015.702]: clock update master offset        387 s2 freq  -11358 path delay       551
ptp4l[1040016.252]: clock update master offset       -546 s2 freq  -11736 path delay       549
ptp4l[1040016.802]: clock update master offset       1707 s2 freq  -11329 path delay       549
ptp4l[1040017.352]: clock update master offset       -243 s2 freq  -11339 path delay       549
ptp4l[1040017.902]: clock update master offset       1218 s2 freq  -10933 path delay       143
ptp4l[1040018.452]: clock update master offset       1171 s2 freq  -10956 path delay        42
ptp4l[1040019.002]: clock update master offset       1033 s2 freq  -10716 path delay        42
ptp4l[1040019.552]: clock update master offset        779 s2 freq  -10817 path delay        41
ptp4l[1040020.102]: clock update master offset       1577 s2 freq  -10647 path delay        37
ptp4l[1040020.653]: clock update master offset       2285 s2 freq  -10234 path delay        37
ptp4l[1040021.202]: clock update master offset        788 s2 freq  -10417 path delay        37
ptp4l[1040021.752]: clock update master offset       -618 s2 freq  -10895 path delay        37
ptp4l[1040022.302]: clock update master offset       -837 s2 freq  -11060 path delay        88
ptp4l[1040022.853]: clock update master offset       -922 s2 freq  -11619 path delay        88
ptp4l[1040023.402]: clock update master offset        272 s2 freq  -10956 path delay        88
ptp4l[1040023.953]: clock update master offset      -1864 s2 freq  -11563 path delay        88
ptp4l[1040024.503]: clock update master offset       -651 s2 freq  -11458 path delay        41
ptp4l[1040025.054]: clock update master offset       -537 s2 freq  -11440 path delay        41
ptp4l[1040025.603]: clock update master offset       -432 s2 freq  -11398 path delay        41
ptp4l[1040026.153]: clock update master offset       -347 s2 freq  -11300 path delay        41
ptp4l[1040026.703]: clock update master offset       -364 s2 freq  -11222 path delay        93
ptp4l[1040027.253]: clock update master offset       -368 s2 freq  -11231 path delay        93
ptp4l[1040027.803]: clock update master offset       -367 s2 freq  -11175 path delay        93
ptp4l[1040028.353]: clock update master offset       -447 s2 freq  -11196 path delay       147
ptp4l[1040028.903]: clock update master offset        536 s2 freq  -11152 path delay       147
ptp4l[1040029.454]: clock update master offset        497 s2 freq  -11092 path delay       147
ptp4l[1040030.003]: clock update master offset       -675 s2 freq  -11148 path delay       250
ptp4l[1040030.553]: clock update master offset      -1715 s2 freq  -11282 path delay       250
ptp4l[1040031.103]: clock update master offset       -689 s2 freq  -11373 path delay       250
ptp4l[1040031.654]: clock update master offset        429 s2 freq  -11343 path delay       203
ptp4l[1040032.203]: clock update master offset       -514 s2 freq  -11326 path delay       203
ptp4l[1040032.753]: clock update master offset        535 s2 freq  -11313 path delay       203
ptp4l[1040033.303]: clock update master offset       -424 s2 freq  -11299 path delay       203
ptp4l[1040033.854]: clock update master offset       -390 s2 freq  -11298 path delay       204
ptp4l[1040034.404]: clock update master offset       -355 s2 freq  -11275 path delay       204
ptp4l[1040034.954]: clock update master offset      -1335 s2 freq  -11307 path delay       206
ptp4l[1040035.504]: clock update master offset       -296 s2 freq  -11304 path delay       206
ptp4l[1040036.054]: clock update master offset       -306 s2 freq  -11300 path delay       253
ptp4l[1040036.604]: clock update master offset       -271 s2 freq  -11286 path delay       253
ptp4l[1040037.154]: clock update master offset      -1242 s2 freq  -11283 path delay       253
ptp4l[1040037.704]: clock update master offset       -215 s2 freq  -11269 path delay       253
ptp4l[1040038.254]: clock update master offset        805 s2 freq  -11246 path delay       253
ptp4l[1040038.804]: clock update master offset      -1185 s2 freq  -11257 path delay       251
ptp4l[1040039.354]: clock update master offset       -121 s2 freq  -11265 path delay       201
ptp4l[1040039.904]: clock update master offset       -103 s2 freq  -11261 path delay       201
ptp4l[1040040.455]: clock update master offset        913 s2 freq  -11248 path delay       201
ptp4l[1040041.004]: clock update master offset        -76 s2 freq  -11248 path delay       200
ptp4l[1040041.554]: clock update master offset        -67 s2 freq  -11238 path delay       200
ptp4l[1040042.104]: clock update master offset        -63 s2 freq  -11230 path delay       200
ptp4l[1040042.655]: clock update master offset       -113 s2 freq  -11244 path delay       250
ptp4l[1040043.204]: clock update master offset        895 s2 freq  -11226 path delay       250
ptp4l[1040043.754]: clock update master offset       -107 s2 freq  -11210 path delay       250
ptp4l[1040044.305]: clock update master offset       -117 s2 freq  -11195 path delay       250
ptp4l[1040044.855]: clock update master offset       -135 s2 freq  -11206 path delay       250
ptp4l[1040045.405]: clock update master offset        -45 s2 freq  -11192 path delay       150
ptp4l[1040045.955]: clock update master offset       -114 s2 freq  -11203 path delay       200
ptp4l[1040046.505]: clock update master offset        923 s2 freq  -11190 path delay       150
ptp4l[1040047.055]: clock update master offset        -46 s2 freq  -11190 path delay       100
ptp4l[1040047.605]: clock update master offset        -66 s2 freq  -11200 path delay       100
ptp4l[1040048.155]: clock update master offset        -30 s2 freq  -11218 path delay        50
ptp4l[1040048.705]: clock update master offset        914 s2 freq  -11204 path delay       100
ptp4l[1040049.255]: clock update master offset        -98 s2 freq  -11224 path delay       100
ptp4l[1040049.805]: clock update master offset        899 s2 freq  -11211 path delay       100
ptp4l[1040050.355]: clock update master offset       -161 s2 freq  -11222 path delay       150
ptp4l[1040050.905]: clock update master offset       -114 s2 freq  -11230 path delay       100
ptp4l[1040051.456]: clock update master offset        886 s2 freq  -11228 path delay       100
ptp4l[1040052.005]: clock update master offset       -164 s2 freq  -11227 path delay       150
ptp4l[1040052.555]: clock update master offset       -166 s2 freq  -11248 path delay       150
ptp4l[1040053.105]: clock update master offset      -1206 s2 freq  -11272 path delay       200
ptp4l[1040053.656]: clock update master offset         15 s2 freq  -11267 path delay         0
ptp4l[1040054.205]: clock update master offset       1084 s2 freq  -11241 path delay       -49
ptp4l[1040054.755]: clock update master offset        -10 s2 freq  -11242 path delay        50
ptp4l[1040055.305]: clock update master offset         -4 s2 freq  -11231 path delay        50
ptp4l[1040055.856]: clock update master offset         -3 s2 freq  -11211 path delay        50
ptp4l[1040056.406]: clock update master offset        -12 s2 freq  -11204 path delay        50
ptp4l[1040056.956]: clock update master offset        -74 s2 freq  -11209 path delay       100
ptp4l[1040057.506]: clock update master offset        -85 s2 freq  -11213 path delay       100
ptp4l[1040058.056]: clock update master offset        -93 s2 freq  -11217 path delay       100
ptp4l[1040058.606]: clock update master offset       1001 s2 freq  -11187 path delay         0
ptp4l[1040059.156]: clock update master offset        -20 s2 freq  -11203 path delay         0
ptp4l[1040059.706]: clock update master offset        -33 s2 freq  -11207 path delay         0
ptp4l[1040060.256]: clock update master offset       1054 s2 freq  -11187 path delay       -99
ptp4l[1040060.806]: clock update master offset       1033 s2 freq  -11171 path delay       -99
ptp4l[1040061.356]: clock update master offset        -96 s2 freq  -11180 path delay         0
ptp4l[1040061.906]: clock update master offset       -119 s2 freq  -11189 path delay         0
ptp4l[1040062.456]: clock update master offset        860 s2 freq  -11176 path delay         0
ptp4l[1040063.006]: clock update master offset       1683 s2 freq  -11147 path delay       150
ptp4l[1040063.556]: clock update master offset        642 s2 freq  -11146 path delay       150
ptp4l[1040064.106]: clock update master offset       -400 s2 freq  -11154 path delay       150
ptp4l[1040064.657]: clock update master offset        563 s2 freq  -11141 path delay       150
ptp4l[1040065.206]: clock update master offset      -1582 s2 freq  -11184 path delay       250
ptp4l[1040065.756]: clock update master offset       -605 s2 freq  -11211 path delay       250
ptp4l[1040066.307]: clock update master offset      -1613 s2 freq  -11244 path delay       250
ptp4l[1040066.857]: clock update master offset       -556 s2 freq  -11239 path delay       200
ptp4l[1040067.407]: clock update master offset      -1551 s2 freq  -11265 path delay       200
ptp4l[1040067.957]: clock update master offset       -533 s2 freq  -11256 path delay       200
ptp4l[1040068.507]: clock update master offset       -471 s2 freq  -11257 path delay       151
ptp4l[1040069.057]: clock update master offset       -407 s2 freq  -11257 path delay       101
ptp4l[1040069.607]: clock update master offset        656 s2 freq  -11235 path delay        51
ptp4l[1040070.157]: clock update master offset       -341 s2 freq  -11249 path delay        51
ptp4l[1040070.707]: clock update master offset       -330 s2 freq  -11251 path delay        51
ptp4l[1040071.257]: clock update master offset       -320 s2 freq  -11253 path delay        51
ptp4l[1040071.807]: clock update master offset      -1308 s2 freq  -11275 path delay        51
ptp4l[1040072.357]: clock update master offset       -285 s2 freq  -11284 path delay        51
ptp4l[1040072.907]: clock update master offset       -257 s2 freq  -11282 path delay        51
ptp4l[1040073.458]: clock update master offset        918 s2 freq  -11245 path delay       -98
ptp4l[1040074.007]: clock update master offset      -1074 s2 freq  -11277 path delay       -98
ptp4l[1040074.557]: clock update master offset         49 s2 freq  -11270 path delay      -198
ptp4l[1040075.107]: clock update master offset         70 s2 freq  -11265 path delay      -198
ptp4l[1040075.658]: clock update master offset         87 s2 freq  -11250 path delay      -198
ptp4l[1040076.207]: clock update master offset        147 s2 freq  -11246 path delay      -248
ptp4l[1040076.757]: clock update master offset        105 s2 freq  -11244 path delay      -198
ptp4l[1040077.308]: clock update master offset        114 s2 freq  -11243 path delay      -198
ptp4l[1040077.858]: clock update master offset        120 s2 freq  -11242 path delay      -198
ptp4l[1040078.408]: clock update master offset        127 s2 freq  -11231 path delay      -198
ptp4l[1040078.958]: clock update master offset       1078 s2 freq  -11213 path delay      -148
ptp4l[1040079.508]: clock update master offset         70 s2 freq  -11218 path delay      -148
ptp4l[1040080.058]: clock update master offset         64 s2 freq  -11224 path delay      -148
ptp4l[1040080.608]: clock update master offset         62 s2 freq  -11227 path delay      -149
ptp4l[1040081.158]: clock update master offset         61 s2 freq  -11231 path delay      -149
ptp4l[1040081.708]: clock update master offset       1062 s2 freq  -11202 path delay      -149
ptp4l[1040082.258]: clock update master offset        -52 s2 freq  -11210 path delay       -49
ptp4l[1040082.808]: clock update master offset        -62 s2 freq  -11218 path delay       -49
ptp4l[1040083.358]: clock update master offset        -67 s2 freq  -11223 path delay       -49
ptp4l[1040083.908]: clock update master offset        -70 s2 freq  -11218 path delay       -49
ptp4l[1040084.459]: clock update master offset        924 s2 freq  -11203 path delay       -49
ptp4l[1040085.008]: clock update master offset      -1188 s2 freq  -11224 path delay        50
ptp4l[1040085.558]: clock update master offset       -191 s2 freq  -11231 path delay        50
ptp4l[1040086.108]: clock update master offset      -1190 s2 freq  -11257 path delay        50
ptp4l[1040086.659]: clock update master offset        823 s2 freq  -11226 path delay        50
ptp4l[1040087.208]: clock update master offset        822 s2 freq  -11212 path delay        50
ptp4l[1040087.758]: clock update master offset        814 s2 freq  -11200 path delay        50
ptp4l[1040088.309]: clock update master offset        799 s2 freq  -11202 path delay        50
ptp4l[1040088.859]: clock update master offset        786 s2 freq  -11192 path delay        50
ptp4l[1040089.409]: clock update master offset        716 s2 freq  -11174 path delay       100
ptp4l[1040089.959]: clock update master offset       -311 s2 freq  -11190 path delay       100
ptp4l[1040090.509]: clock update master offset        620 s2 freq  -11185 path delay       150
ptp4l[1040091.059]: clock update master offset       1597 s2 freq  -11160 path delay       150
ptp4l[1040091.609]: clock update master offset        563 s2 freq  -11160 path delay       150
ptp4l[1040092.159]: clock update master offset       -522 s2 freq  -11184 path delay       200
ptp4l[1040092.709]: clock update master offset      -1544 s2 freq  -11224 path delay       200
ptp4l[1040093.259]: clock update master offset        603 s2 freq  -11213 path delay        50
ptp4l[1040093.809]: clock update master offset      -1405 s2 freq  -11234 path delay        50
ptp4l[1040094.359]: clock update master offset       -353 s2 freq  -11240 path delay         0
ptp4l[1040094.909]: clock update master offset       -347 s2 freq  -11245 path delay         0
ptp4l[1040095.460]: clock update master offset       -241 s2 freq  -11235 path delay       -99
ptp4l[1040096.009]: clock update master offset       -238 s2 freq  -11226 path delay       -99
ptp4l[1040096.559]: clock update master offset       -339 s2 freq  -11232 path delay         0
ptp4l[1040097.109]: clock update master offset        663 s2 freq  -11216 path delay         0
ptp4l[1040097.660]: clock update master offset       1656 s2 freq  -11172 path delay         0
ptp4l[1040098.210]: clock update master offset        627 s2 freq  -11146 path delay         0
ptp4l[1040098.760]: clock update master offset       -415 s2 freq  -11155 path delay         0
ptp4l[1040099.310]: clock update master offset      -1404 s2 freq  -11192 path delay       -49
ptp4l[1040099.860]: clock update master offset       -422 s2 freq  -11192 path delay       -49
ptp4l[1040100.411]: clock update master offset        610 s2 freq  -11193 path delay       -99
ptp4l[1040100.960]: clock update master offset       -608 s2 freq  -11209 path delay       101
ptp4l[1040101.510]: clock update master offset       -618 s2 freq  -11234 path delay       101
ptp4l[1040102.060]: clock update master offset        383 s2 freq  -11223 path delay       101
ptp4l[1040102.610]: clock update master offset       -718 s2 freq  -11249 path delay       200
ptp4l[1040103.160]: clock update master offset        241 s2 freq  -11240 path delay       250
ptp4l[1040103.710]: clock update master offset       -853 s2 freq  -11256 path delay       350
ptp4l[1040104.260]: clock update master offset       -840 s2 freq  -11269 path delay       350
ptp4l[1040104.810]: clock update master offset        229 s2 freq  -11246 path delay       301
ptp4l[1040105.360]: clock update master offset        137 s2 freq  -11240 path delay       401
ptp4l[1040105.910]: clock update master offset       1142 s2 freq  -11214 path delay       401
ptp4l[1040106.461]: clock update master offset       -965 s2 freq  -11236 path delay       501
ptp4l[1040107.010]: clock update master offset       -961 s2 freq  -11266 path delay       501
ptp4l[1040107.560]: clock update master offset       -893 s2 freq  -11280 path delay       451
ptp4l[1040108.110]: clock update master offset       -768 s2 freq  -11289 path delay       351
ptp4l[1040108.661]: clock update master offset        262 s2 freq  -11264 path delay       351
ptp4l[1040109.211]: clock update master offset       -720 s2 freq  -11284 path delay       351
ptp4l[1040109.761]: clock update master offset       -693 s2 freq  -11290 path delay       351
ptp4l[1040110.311]: clock update master offset      -1663 s2 freq  -11316 path delay       351
ptp4l[1040110.861]: clock update master offset       -620 s2 freq  -11316 path delay       351
ptp4l[1040111.411]: clock update master offset      -1576 s2 freq  -11336 path delay       351
ptp4l[1040111.961]: clock update master offset       -373 s2 freq  -11329 path delay       201
ptp4l[1040112.511]: clock update master offset       -324 s2 freq  -11322 path delay       201
ptp4l[1040113.061]: clock update master offset      -1278 s2 freq  -11338 path delay       201
ptp4l[1040113.611]: clock update master offset       -173 s2 freq  -11328 path delay       151
ptp4l[1040114.161]: clock update master offset       -124 s2 freq  -11309 path delay       151
ptp4l[1040114.711]: clock update master offset       1016 s2 freq  -11281 path delay        51
ptp4l[1040115.262]: clock update master offset        141 s2 freq  -11276 path delay       -49
ptp4l[1040115.811]: clock update master offset        215 s2 freq  -11270 path delay       -99
ptp4l[1040116.361]: clock update master offset       1236 s2 freq  -11245 path delay       -99
ptp4l[1040116.911]: clock update master offset       -806 s2 freq  -11255 path delay       -50
ptp4l[1040117.462]: clock update master offset       1207 s2 freq  -11233 path delay       -50
ptp4l[1040118.011]: clock update master offset       -790 s2 freq  -11257 path delay       -50
ptp4l[1040118.561]: clock update master offset        323 s2 freq  -11254 path delay      -150
ptp4l[1040119.111]: clock update master offset       1386 s2 freq  -11229 path delay      -201
ptp4l[1040119.662]: clock update master offset       1386 s2 freq  -11198 path delay      -201
ptp4l[1040120.212]: clock update master offset       1371 s2 freq  -11194 path delay      -201
ptp4l[1040120.762]: clock update master offset        354 s2 freq  -11202 path delay      -201
ptp4l[1040121.312]: clock update master offset        340 s2 freq  -11220 path delay      -201
ptp4l[1040121.862]: clock update master offset       1235 s2 freq  -11196 path delay      -101
ptp4l[1040122.412]: clock update master offset       -981 s2 freq  -11220 path delay        98
ptp4l[1040122.962]: clock update master offset         15 s2 freq  -11219 path delay        98
ptp4l[1040123.512]: clock update master offset          9 s2 freq  -11218 path delay        98
ptp4l[1040124.062]: clock update master offset          4 s2 freq  -11216 path delay        98
ptp4l[1040124.612]: clock update master offset         -2 s2 freq  -11215 path delay        98
ptp4l[1040125.162]: clock update master offset        990 s2 freq  -11203 path delay        98
ptp4l[1040125.712]: clock update master offset        -22 s2 freq  -11204 path delay        97
ptp4l[1040126.263]: clock update master offset        866 s2 freq  -11175 path delay       197
ptp4l[1040126.812]: clock update master offset        838 s2 freq  -11160 path delay       197
ptp4l[1040127.362]: clock update master offset      -1147 s2 freq  -11199 path delay       148
ptp4l[1040127.912]: clock update master offset       -213 s2 freq  -11223 path delay       198
ptp4l[1040128.463]: clock update master offset      -1216 s2 freq  -11242 path delay       198
ptp4l[1040129.012]: clock update master offset       -159 s2 freq  -11256 path delay       148
ptp4l[1040129.562]: clock update master offset       1855 s2 freq  -11217 path delay       148
ptp4l[1040130.113]: clock update master offset       -252 s2 freq  -11227 path delay       248
ptp4l[1040130.663]: clock update master offset       -253 s2 freq  -11235 path delay       248
ptp4l[1040131.213]: clock update master offset       -250 s2 freq  -11242 path delay       248
ptp4l[1040131.763]: clock update master offset       -243 s2 freq  -11248 path delay       248
ptp4l[1040132.313]: clock update master offset        766 s2 freq  -11222 path delay       248
ptp4l[1040132.863]: clock update master offset       -239 s2 freq  -11210 path delay       249
ptp4l[1040133.413]: clock update master offset       -248 s2 freq  -11209 path delay       249
ptp4l[1040133.963]: clock update master offset        742 s2 freq  -11197 path delay       249
ptp4l[1040134.513]: clock update master offset       -274 s2 freq  -11219 path delay       249
ptp4l[1040135.063]: clock update master offset       -180 s2 freq  -11225 path delay       149
ptp4l[1040135.613]: clock update master offset       -182 s2 freq  -11219 path delay       149
ptp4l[1040136.163]: clock update master offset       -188 s2 freq  -11225 path delay       149
ptp4l[1040136.713]: clock update master offset       -189 s2 freq  -11231 path delay       149
ptp4l[1040137.264]: clock update master offset       -188 s2 freq  -11225 path delay       149
ptp4l[1040137.813]: clock update master offset       -190 s2 freq  -11232 path delay       149
ptp4l[1040138.363]: clock update master offset        761 s2 freq  -11207 path delay       199
ptp4l[1040138.913]: clock update master offset      -1250 s2 freq  -11239 path delay       199
ptp4l[1040139.464]: clock update master offset       -245 s2 freq  -11246 path delay       199
ptp4l[1040140.014]: clock update master offset       -337 s2 freq  -11243 path delay       299
ptp4l[1040140.564]: clock update master offset       -330 s2 freq  -11240 path delay       299
ptp4l[1040141.114]: clock update master offset        675 s2 freq  -11206 path delay       299
ptp4l[1040141.664]: clock update master offset      -1286 s2 freq  -11239 path delay       249
ptp4l[1040142.214]: clock update master offset        718 s2 freq  -11226 path delay       249
ptp4l[1040142.764]: clock update master offset      -1333 s2 freq  -11258 path delay       299
ptp4l[1040143.314]: clock update master offset       -320 s2 freq  -11262 path delay       299
ptp4l[1040143.864]: clock update master offset        697 s2 freq  -11234 path delay       299
ptp4l[1040144.414]: clock update master offset       -300 s2 freq  -11243 path delay       299
ptp4l[1040144.964]: clock update master offset       -244 s2 freq  -11249 path delay       249
ptp4l[1040145.514]: clock update master offset        767 s2 freq  -11244 path delay       249
ptp4l[1040146.064]: clock update master offset       -227 s2 freq  -11251 path delay       249
ptp4l[1040146.614]: clock update master offset       -166 s2 freq  -11267 path delay       199
ptp4l[1040147.164]: clock update master offset        803 s2 freq  -11249 path delay       249
ptp4l[1040147.714]: clock update master offset      -1188 s2 freq  -11276 path delay       249
ptp4l[1040148.265]: clock update master offset      -1165 s2 freq  -11309 path delay       249
ptp4l[1040148.814]: clock update master offset        973 s2 freq  -11282 path delay       150
ptp4l[1040149.364]: clock update master offset      -1000 s2 freq  -11301 path delay       150
ptp4l[1040149.914]: clock update master offset        -14 s2 freq  -11285 path delay       199
ptp4l[1040150.465]: clock update master offset         15 s2 freq  -11281 path delay       199
