ptp4l[1039761.193]: selected /dev/ptp3 as PTP clock
ptp4l[1039761.194]: extracted phy8 for wlp4s0
ptp4l[1039761.196]: driver rejected most general HWTSTAMP filter
ptp4l[1039761.196]: port 1: INITIALIZING to LISTENING on INIT_COMPLETE
ptp4l[1039761.196]: port 0: INITIALIZING to LISTENING on INIT_COMPLETE
ptp4l[1039762.118]: port 1: new foreign master 20c9d0.fffe.32c61b-1
ptp4l[1039766.518]: selected best master clock 20c9d0.fffe.32c61b
ptp4l[1039766.518]: port 1: LISTENING to UNCALIBRATED on RS_SLAVE
ptp4l[1039768.168]: clock update master offset       6109 s0 freq  -11299 path delay       131
ptp4l[1039768.719]: clock update master offset       7143 s0 freq  -11299 path delay       131
ptp4l[1039769.268]: clock update master offset       5177 s0 freq  -11299 path delay       131
ptp4l[1039769.818]: clock update master offset       8598 s2 freq   -2617 path delay      -257
ptp4l[1039769.818]: port 1: UNCALIBRATED to SLAVE on MASTER_CLOCK_SELECTED
ptp4l[1039770.368]: clock update master offset       3301 s2 freq   -6779 path delay      -257
ptp4l[1039770.919]: clock update master offset       -930 s2 freq  -10944 path delay      -257
ptp4l[1039771.468]: clock update master offset        -47 s2 freq  -13566 path delay      -290
ptp4l[1039772.018]: clock update master offset       1117 s2 freq  -10795 path delay      -290
ptp4l[1039772.568]: clock update master offset        901 s2 freq   -9511 path delay      -290
ptp4l[1039773.119]: clock update master offset         43 s2 freq  -11189 path delay      -290
ptp4l[1039773.669]: clock update master offset        970 s2 freq   -9973 path delay      -241
ptp4l[1039774.219]: clock update master offset       -889 s2 freq  -11634 path delay       -10
ptp4l[1039774.769]: clock update master offset       -690 s2 freq  -12270 path delay       -10
ptp4l[1039775.319]: clock update master offset       -104 s2 freq  -11618 path delay       -77
ptp4l[1039775.869]: clock update master offset         90 s2 freq  -11143 path delay       -77
ptp4l[1039776.419]: clock update master offset      -1000 s2 freq  -11984 path delay       -31
ptp4l[1039776.969]: clock update master offset       1376 s2 freq  -10584 path delay       -31
ptp4l[1039777.519]: clock update master offset       -946 s2 freq  -11762 path delay       -31
ptp4l[1039778.069]: clock update master offset        335 s2 freq  -11209 path delay       -48
ptp4l[1039778.619]: clock update master offset       1324 s2 freq  -10698 path delay       -48
ptp4l[1039779.169]: clock update master offset       -980 s2 freq  -11404 path delay       -10
ptp4l[1039779.720]: clock update master offset       1168 s2 freq  -10770 path delay       -73
ptp4l[1039780.269]: clock update master offset        938 s2 freq  -10516 path delay       -73
ptp4l[1039780.819]: clock update master offset        581 s2 freq  -10751 path delay       -73
ptp4l[1039781.369]: clock update master offset      -1751 s2 freq  -11428 path delay        18
ptp4l[1039781.920]: clock update master offset       -634 s2 freq  -11707 path delay        -1
ptp4l[1039782.469]: clock update master offset      -1419 s2 freq  -12130 path delay        21
ptp4l[1039783.020]: clock update master offset        130 s2 freq  -11514 path delay       -79
ptp4l[1039783.570]: clock update master offset       -728 s2 freq  -12096 path delay       -79
ptp4l[1039784.120]: clock update master offset        703 s2 freq  -11424 path delay       -79
ptp4l[1039784.670]: clock update master offset        766 s2 freq  -10980 path delay       -45
ptp4l[1039785.220]: clock update master offset        641 s2 freq  -10634 path delay       -45
ptp4l[1039785.770]: clock update master offset        360 s2 freq  -10906 path delay       -62
ptp4l[1039786.320]: clock update master offset        217 s2 freq  -10861 path delay       -83
ptp4l[1039786.871]: clock update master offset         17 s2 freq  -11128 path delay       -68
ptp4l[1039787.420]: clock update master offset        980 s2 freq  -10630 path delay       -83
ptp4l[1039787.970]: clock update master offset       -320 s2 freq  -11162 path delay       -83
ptp4l[1039788.523]: clock update master offset       -356 s2 freq  -11269 path delay       -83
ptp4l[1039789.071]: clock update master offset      -1424 s2 freq  -11813 path delay         3
ptp4l[1039789.620]: clock update master offset        -82 s2 freq  -11557 path delay       -50
ptp4l[1039790.170]: clock update master offset         81 s2 freq  -11422 path delay       -50
ptp4l[1039790.720]: clock update master offset        110 s2 freq  -11220 path delay        16
ptp4l[1039791.270]: clock update master offset       -895 s2 freq  -11250 path delay        16
ptp4l[1039791.820]: clock update master offset       1148 s2 freq  -11182 path delay       -17
ptp4l[1039792.370]: clock update master offset         38 s2 freq  -11198 path delay        68
ptp4l[1039792.920]: clock update master offset         22 s2 freq  -11209 path delay        68
ptp4l[1039793.470]: clock update master offset         10 s2 freq  -11216 path delay        68
ptp4l[1039794.021]: clock update master offset       1006 s2 freq  -11194 path delay        64
ptp4l[1039794.571]: clock update master offset        987 s2 freq  -11118 path delay        64
ptp4l[1039795.121]: clock update master offset        877 s2 freq  -11127 path delay       118
ptp4l[1039795.671]: clock update master offset        825 s2 freq  -11107 path delay       118
ptp4l[1039796.221]: clock update master offset        738 s2 freq  -11062 path delay       142
ptp4l[1039796.771]: clock update master offset      -1377 s2 freq  -11217 path delay       172
ptp4l[1039797.321]: clock update master offset       -385 s2 freq  -11207 path delay       172
ptp4l[1039797.871]: clock update master offset       -397 s2 freq  -11196 path delay       172
ptp4l[1039798.421]: clock update master offset       -483 s2 freq  -11187 path delay       240
ptp4l[1039798.971]: clock update master offset       -546 s2 freq  -11247 path delay       281
ptp4l[1039799.521]: clock update master offset       -539 s2 freq  -11262 path delay       281
ptp4l[1039800.071]: clock update master offset       -523 s2 freq  -11308 path delay       281
ptp4l[1039800.621]: clock update master offset       -432 s2 freq  -11306 path delay       228
ptp4l[1039801.171]: clock update master offset       -395 s2 freq  -11337 path delay       228
ptp4l[1039801.722]: clock update master offset        600 s2 freq  -11273 path delay       286
ptp4l[1039802.271]: clock update master offset       -379 s2 freq  -11288 path delay       286
ptp4l[1039802.821]: clock update master offset       -351 s2 freq  -11299 path delay       286
ptp4l[1039803.371]: clock update master offset        694 s2 freq  -11244 path delay       274
ptp4l[1039803.922]: clock update master offset        700 s2 freq  -11202 path delay       274
ptp4l[1039804.472]: clock update master offset       -314 s2 freq  -11234 path delay       274
ptp4l[1039805.022]: clock update master offset        687 s2 freq  -11162 path delay       274
ptp4l[1039805.572]: clock update master offset       -335 s2 freq  -11199 path delay       261
ptp4l[1039806.122]: clock update master offset        589 s2 freq  -11169 path delay       321
ptp4l[1039806.672]: clock update master offset      -1442 s2 freq  -11304 path delay       321
ptp4l[1039807.222]: clock update master offset       -266 s2 freq  -11304 path delay       181
ptp4l[1039807.772]: clock update master offset      -1230 s2 freq  -11366 path delay       181
ptp4l[1039808.322]: clock update master offset        947 s2 freq  -11282 path delay        71
ptp4l[1039808.872]: clock update master offset        -28 s2 freq  -11315 path delay        71
ptp4l[1039809.422]: clock update master offset         -2 s2 freq  -11277 path delay        86
ptp4l[1039809.972]: clock update master offset         57 s2 freq  -11278 path delay        50
ptp4l[1039810.523]: clock update master offset         81 s2 freq  -11279 path delay        50
ptp4l[1039811.072]: clock update master offset       -895 s2 freq  -11341 path delay        50
ptp4l[1039811.622]: clock update master offset        238 s2 freq  -11287 path delay       -29
ptp4l[1039812.172]: clock update master offset        266 s2 freq  -11242 path delay       -29
ptp4l[1039812.723]: clock update master offset       1271 s2 freq  -11145 path delay       -29
ptp4l[1039813.272]: clock update master offset        163 s2 freq  -11135 path delay        35
ptp4l[1039813.822]: clock update master offset       1115 s2 freq  -11064 path delay        35
ptp4l[1039814.373]: clock update master offset          0 s2 freq  -11138 path delay        65
ptp4l[1039814.923]: clock update master offset        959 s2 freq  -11105 path delay        59
ptp4l[1039815.473]: clock update master offset       -105 s2 freq  -11144 path delay        59
ptp4l[1039816.023]: clock update master offset       -149 s2 freq  -11176 path delay        59
ptp4l[1039816.573]: clock update master offset       -176 s2 freq  -11204 path delay        59
ptp4l[1039817.123]: clock update master offset      -1184 s2 freq  -11286 path delay        52
ptp4l[1039817.673]: clock update master offset        893 s2 freq  -11222 path delay         2
ptp4l[1039818.223]: clock update master offset       1889 s2 freq  -11114 path delay         2
ptp4l[1039818.773]: clock update master offset      -1169 s2 freq  -11222 path delay         2
ptp4l[1039819.323]: clock update master offset       -174 s2 freq  -11210 path delay         2
ptp4l[1039819.873]: clock update master offset       -263 s2 freq  -11235 path delay        79
ptp4l[1039820.423]: clock update master offset       1824 s2 freq  -11129 path delay        -6
ptp4l[1039820.973]: clock update master offset       1773 s2 freq  -11020 path delay        -6
ptp4l[1039821.524]: clock update master offset        667 s2 freq  -11001 path delay        -6
ptp4l[1039822.075]: clock update master offset        508 s2 freq  -11022 path delay        38
ptp4l[1039822.623]: clock update master offset       -597 s2 freq  -11070 path delay        38
ptp4l[1039823.173]: clock update master offset       -684 s2 freq  -11137 path delay        44
ptp4l[1039823.724]: clock update master offset        268 s2 freq  -11097 path delay        44
ptp4l[1039824.274]: clock update master offset        180 s2 freq  -11134 path delay        65
ptp4l[1039824.824]: clock update master offset       -881 s2 freq  -11194 path delay        77
ptp4l[1039825.374]: clock update master offset       -930 s2 freq  -11276 path delay       108
ptp4l[1039825.924]: clock update master offset       -876 s2 freq  -11272 path delay        75
ptp4l[1039826.474]: clock update master offset        112 s2 freq  -11239 path delay       108
ptp4l[1039827.024]: clock update master offset        116 s2 freq  -11218 path delay       108
ptp4l[1039827.574]: clock update master offset        -14 s2 freq  -11211 path delay       231
ptp4l[1039828.124]: clock update master offset        -24 s2 freq  -11208 path delay       231
ptp4l[1039828.674]: clock update master offset      -1036 s2 freq  -11302 path delay       231
ptp4l[1039829.224]: clock update master offset       -924 s2 freq  -11338 path delay       153
ptp4l[1039829.774]: clock update master offset      -1837 s2 freq  -11423 path delay       119
ptp4l[1039830.324]: clock update master offset      -1741 s2 freq  -11454 path delay       119
ptp4l[1039830.874]: clock update master offset        370 s2 freq  -11383 path delay       119
ptp4l[1039831.424]: clock update master offset       -677 s2 freq  -11368 path delay       242
ptp4l[1039831.974]: clock update master offset       -609 s2 freq  -11386 path delay       242
ptp4l[1039832.525]: clock update master offset       -532 s2 freq  -11367 path delay       242
ptp4l[1039833.074]: clock update master offset       -433 s2 freq  -11379 path delay       211
ptp4l[1039833.624]: clock update master offset       -359 s2 freq  -11388 path delay       211
ptp4l[1039834.174]: clock update master offset        718 s2 freq  -11334 path delay       211
ptp4l[1039834.725]: clock update master offset       -230 s2 freq  -11388 path delay       211
ptp4l[1039835.275]: clock update master offset       -143 s2 freq  -11366 path delay       202
ptp4l[1039835.825]: clock update master offset        925 s2 freq  -11251 path delay       202
ptp4l[1039836.375]: clock update master offset      -1130 s2 freq  -11381 path delay       266
ptp4l[1039836.925]: clock update master offset        -54 s2 freq  -11388 path delay       266
ptp4l[1039837.475]: clock update master offset         23 s2 freq  -11395 path delay       266
ptp4l[1039838.025]: clock update master offset       1140 s2 freq  -11269 path delay       232
ptp4l[1039838.575]: clock update master offset       1159 s2 freq  -11167 path delay       232
ptp4l[1039839.125]: clock update master offset       -873 s2 freq  -11238 path delay       232
ptp4l[1039839.675]: clock update master offset        191 s2 freq  -11223 path delay       171
ptp4l[1039840.225]: clock update master offset       -736 s2 freq  -11296 path delay        94
ptp4l[1039840.775]: clock update master offset        296 s2 freq  -11289 path delay        94
ptp4l[1039841.326]: clock update master offset       1324 s2 freq  -11189 path delay        94
ptp4l[1039841.875]: clock update master offset        204 s2 freq  -11180 path delay       194
ptp4l[1039842.425]: clock update master offset       1177 s2 freq  -11141 path delay       194
ptp4l[1039842.975]: clock update master offset         33 s2 freq  -11182 path delay       293
ptp4l[1039843.525]: clock update master offset       1009 s2 freq  -11151 path delay       293
ptp4l[1039844.075]: clock update master offset        918 s2 freq  -11101 path delay       344
ptp4l[1039844.625]: clock update master offset       -133 s2 freq  -11121 path delay       330
ptp4l[1039845.176]: clock update master offset       -151 s2 freq  -11135 path delay       292
ptp4l[1039845.726]: clock update master offset       -199 s2 freq  -11141 path delay       292
ptp4l[1039846.276]: clock update master offset       -122 s2 freq  -11168 path delay       170
ptp4l[1039846.826]: clock update master offset        846 s2 freq  -11126 path delay       170
ptp4l[1039847.376]: clock update master offset        716 s2 freq  -11133 path delay       247
ptp4l[1039847.926]: clock update master offset       -334 s2 freq  -11206 path delay       247
ptp4l[1039848.476]: clock update master offset       -347 s2 freq  -11200 path delay       247
ptp4l[1039849.026]: clock update master offset      -1436 s2 freq  -11294 path delay       321
ptp4l[1039849.576]: clock update master offset       -405 s2 freq  -11302 path delay       321
ptp4l[1039850.126]: clock update master offset      -1369 s2 freq  -11370 path delay       321
ptp4l[1039850.676]: clock update master offset        699 s2 freq  -11296 path delay       321
ptp4l[1039851.226]: clock update master offset        640 s2 freq  -11247 path delay       412
ptp4l[1039851.776]: clock update master offset       -352 s2 freq  -11241 path delay       412
ptp4l[1039852.327]: clock update master offset       -347 s2 freq  -11265 path delay       412
ptp4l[1039852.876]: clock update master offset       -286 s2 freq  -11280 path delay       368
ptp4l[1039853.426]: clock update master offset       1738 s2 freq  -11136 path delay       368
ptp4l[1039853.976]: clock update master offset       -309 s2 freq  -11295 path delay       368
ptp4l[1039854.527]: clock update master offset      -1278 s2 freq  -11319 path delay       368
ptp4l[1039855.077]: clock update master offset       -128 s2 freq  -11316 path delay       262
ptp4l[1039855.627]: clock update master offset        -86 s2 freq  -11291 path delay       262
ptp4l[1039856.177]: clock update master offset         -6 s2 freq  -11267 path delay       211
ptp4l[1039856.727]: clock update master offset       1011 s2 freq  -11235 path delay       211
ptp4l[1039857.277]: clock update master offset         13 s2 freq  -11229 path delay       211
ptp4l[1039857.827]: clock update master offset       -910 s2 freq  -11253 path delay       133
ptp4l[1039858.377]: clock update master offset        101 s2 freq  -11252 path delay       133
ptp4l[1039858.927]: clock update master offset       1111 s2 freq  -11220 path delay       133
ptp4l[1039859.477]: clock update master offset         93 s2 freq  -11214 path delay       146
ptp4l[1039860.027]: clock update master offset       -959 s2 freq  -11241 path delay       189
ptp4l[1039860.577]: clock update master offset       1045 s2 freq  -11221 path delay       190
ptp4l[1039861.128]: clock update master offset       1040 s2 freq  -11205 path delay       190
ptp4l[1039861.677]: clock update master offset         27 s2 freq  -11203 path delay       190
ptp4l[1039862.227]: clock update master offset       -965 s2 freq  -11220 path delay       167
ptp4l[1039862.777]: clock update master offset       1234 s2 freq  -11189 path delay       -38
ptp4l[1039863.328]: clock update master offset       -788 s2 freq  -11204 path delay       -38
ptp4l[1039863.877]: clock update master offset       1260 s2 freq  -11184 path delay      -100
ptp4l[1039864.428]: clock update master offset        236 s2 freq  -11188 path delay      -100
ptp4l[1039864.977]: clock update master offset       1214 s2 freq  -11181 path delay      -100
ptp4l[1039865.528]: clock update master offset          1 s2 freq  -11201 path delay        88
ptp4l[1039866.078]: clock update master offset       1985 s2 freq  -11156 path delay        88
ptp4l[1039866.628]: clock update master offset       -137 s2 freq  -11173 path delay       172
ptp4l[1039867.178]: clock update master offset       -162 s2 freq  -11187 path delay       167
ptp4l[1039867.728]: clock update master offset       -184 s2 freq  -11200 path delay       167
ptp4l[1039868.278]: clock update master offset       -200 s2 freq  -11210 path delay       167
ptp4l[1039868.828]: clock update master offset       -146 s2 freq  -11218 path delay       102
ptp4l[1039869.378]: clock update master offset       -153 s2 freq  -11213 path delay       102
ptp4l[1039869.928]: clock update master offset       1838 s2 freq  -11178 path delay       102
ptp4l[1039870.478]: clock update master offset       -294 s2 freq  -11193 path delay       207
ptp4l[1039871.028]: clock update master offset        688 s2 freq  -11174 path delay       207
ptp4l[1039871.578]: clock update master offset        660 s2 freq  -11180 path delay       207
ptp4l[1039872.129]: clock update master offset       -370 s2 freq  -11197 path delay       211
ptp4l[1039872.678]: clock update master offset       -388 s2 freq  -11211 path delay       211
ptp4l[1039873.228]: clock update master offset       -381 s2 freq  -11212 path delay       194
ptp4l[1039873.778]: clock update master offset       -391 s2 freq  -11211 path delay       194
ptp4l[1039874.329]: clock update master offset       -500 s2 freq  -11234 path delay       293
ptp4l[1039874.878]: clock update master offset       -498 s2 freq  -11243 path delay       293
ptp4l[1039875.428]: clock update master offset       -571 s2 freq  -11262 path delay       371
ptp4l[1039875.979]: clock update master offset        444 s2 freq  -11247 path delay       371
ptp4l[1039876.529]: clock update master offset       -548 s2 freq  -11244 path delay       371
ptp4l[1039877.079]: clock update master offset        579 s2 freq  -11230 path delay       250
ptp4l[1039877.629]: clock update master offset       -355 s2 freq  -11227 path delay       183
ptp4l[1039878.179]: clock update master offset       -357 s2 freq  -11236 path delay       183
ptp4l[1039878.729]: clock update master offset       -336 s2 freq  -11232 path delay       164
ptp4l[1039879.279]: clock update master offset       -336 s2 freq  -11229 path delay       164
ptp4l[1039879.829]: clock update master offset       -338 s2 freq  -11236 path delay       164
ptp4l[1039880.379]: clock update master offset       -350 s2 freq  -11242 path delay       178
ptp4l[1039880.929]: clock update master offset       1765 s2 freq  -11204 path delay        70
ptp4l[1039881.479]: clock update master offset        750 s2 freq  -11193 path delay        70
ptp4l[1039882.029]: clock update master offset        731 s2 freq  -11172 path delay        70
ptp4l[1039882.579]: clock update master offset      -1298 s2 freq  -11198 path delay        70
ptp4l[1039883.130]: clock update master offset       -276 s2 freq  -11207 path delay        31
ptp4l[1039883.679]: clock update master offset       -310 s2 freq  -11216 path delay        52
ptp4l[1039884.229]: clock update master offset       -216 s2 freq  -11232 path delay       -50
ptp4l[1039884.779]: clock update master offset        784 s2 freq  -11216 path delay       -50
ptp4l[1039885.330]: clock update master offset       -223 s2 freq  -11235 path delay       -50
ptp4l[1039885.879]: clock update master offset        818 s2 freq  -11208 path delay       -90
ptp4l[1039886.429]: clock update master offset       -194 s2 freq  -11207 path delay       -90
ptp4l[1039886.980]: clock update master offset       -206 s2 freq  -11217 path delay       -90
ptp4l[1039887.530]: clock update master offset       -220 s2 freq  -11226 path delay       -84
ptp4l[1039888.080]: clock update master offset        774 s2 freq  -11212 path delay       -81
ptp4l[1039888.630]: clock update master offset      -1235 s2 freq  -11222 path delay       -81
ptp4l[1039889.180]: clock update master offset       -240 s2 freq  -11229 path delay       -81
ptp4l[1039889.730]: clock update master offset      -1277 s2 freq  -11267 path delay       -46
ptp4l[1039890.280]: clock update master offset        779 s2 freq  -11246 path delay       -84
ptp4l[1039890.830]: clock update master offset       -214 s2 freq  -11250 path delay       -84
ptp4l[1039891.380]: clock update master offset       -205 s2 freq  -11253 path delay       -84
ptp4l[1039891.930]: clock update master offset       -232 s2 freq  -11245 path delay       -47
ptp4l[1039892.480]: clock update master offset      -1253 s2 freq  -11270 path delay       -19
ptp4l[1039893.030]: clock update master offset       -234 s2 freq  -11280 path delay       -19
ptp4l[1039893.580]: clock update master offset       -165 s2 freq  -11278 path delay       -63
ptp4l[1039894.131]: clock update master offset       -141 s2 freq  -11265 path delay       -63
ptp4l[1039894.680]: clock update master offset        801 s2 freq  -11246 path delay        11
ptp4l[1039895.230]: clock update master offset       -192 s2 freq  -11262 path delay        11
ptp4l[1039895.780]: clock update master offset        824 s2 freq  -11234 path delay        11
ptp4l[1039896.331]: clock update master offset       -175 s2 freq  -11231 path delay        11
ptp4l[1039896.880]: clock update master offset      -1150 s2 freq  -11259 path delay       -15
ptp4l[1039897.432]: clock update master offset        -73 s2 freq  -11270 path delay       -78
ptp4l[1039897.981]: clock update master offset        989 s2 freq  -11236 path delay      -121
ptp4l[1039898.531]: clock update master offset         -6 s2 freq  -11249 path delay      -124
ptp4l[1039899.081]: clock update master offset          2 s2 freq  -11238 path delay      -124
ptp4l[1039899.631]: clock update master offset          5 s2 freq  -11239 path delay      -124
ptp4l[1039900.181]: clock update master offset          8 s2 freq  -11229 path delay      -124
ptp4l[1039900.731]: clock update master offset     -15074 s2 freq  -11545 path delay       -44
ptp4l[1039901.281]: clock update master offset       1850 s2 freq  -11437 path delay      -812
ptp4l[1039901.831]: clock update master offset        954 s2 freq  -11389 path delay      -812
ptp4l[1039902.381]: clock update master offset       1033 s2 freq  -11348 path delay      -812
ptp4l[1039902.931]: clock update master offset         43 s2 freq  -11335 path delay      -764
ptp4l[1039903.481]: clock update master offset       1095 s2 freq  -11304 path delay      -764
ptp4l[1039904.031]: clock update master offset       1131 s2 freq  -11278 path delay      -764
ptp4l[1039904.581]: clock update master offset        115 s2 freq  -11277 path delay      -725
ptp4l[1039905.132]: clock update master offset       1213 s2 freq  -11233 path delay      -800
ptp4l[1039905.681]: clock update master offset       1213 s2 freq  -11217 path delay      -800
ptp4l[1039906.231]: clock update master offset       1206 s2 freq  -11193 path delay      -800
ptp4l[1039906.781]: clock update master offset       1191 s2 freq  -11173 path delay      -805
ptp4l[1039907.332]: clock update master offset       2161 s2 freq  -11145 path delay      -805
ptp4l[1039907.882]: clock update master offset       1118 s2 freq  -11144 path delay      -805
ptp4l[1039908.432]: clock update master offset       2075 s2 freq  -11123 path delay      -805
ptp4l[1039908.982]: clock update master offset       1908 s2 freq  -11108 path delay      -693
ptp4l[1039909.532]: clock update master offset        846 s2 freq  -11118 path delay      -693
ptp4l[1039910.082]: clock update master offset        766 s2 freq  -11127 path delay      -670
ptp4l[1039910.632]: clock update master offset        714 s2 freq  -11137 path delay      -670
ptp4l[1039911.182]: clock update master offset        666 s2 freq  -11134 path delay      -670
ptp4l[1039911.732]: clock update master offset        610 s2 freq  -11143 path delay      -662
ptp4l[1039912.282]: clock update master offset       2565 s2 freq  -11098 path delay      -662
ptp4l[1039912.832]: clock update master offset       1389 s2 freq  -11094 path delay      -551
ptp4l[1039913.382]: clock update master offset       -465 s2 freq  -11128 path delay       233
ptp4l[1039913.935]: clock update master offset     -14517 s2 freq  -11446 path delay       233
ptp4l[1039914.482]: clock update master offset      -1402 s2 freq  -11440 path delay       225
ptp4l[1039915.032]: clock update master offset       -299 s2 freq  -11414 path delay       225
ptp4l[1039915.582]: clock update master offset       -271 s2 freq  -11393 path delay       289
ptp4l[1039916.132]: clock update master offset       -190 s2 freq  -11353 path delay       289
ptp4l[1039916.682]: clock update master offset       -129 s2 freq  -11329 path delay       289
ptp4l[1039917.233]: clock update master offset        -72 s2 freq  -11307 path delay       281
ptp4l[1039917.783]: clock update master offset        -35 s2 freq  -11309 path delay       281
ptp4l[1039918.333]: clock update master offset          4 s2 freq  -11300 path delay       281
ptp4l[1039918.883]: clock update master offset      -1014 s2 freq  -11315 path delay       333
ptp4l[1039919.433]: clock update master offset         42 s2 freq  -11305 path delay       319
ptp4l[1039919.983]: clock update master offset       -922 s2 freq  -11306 path delay       319
ptp4l[1039920.533]: clock update master offset       2115 s2 freq  -11254 path delay       319
ptp4l[1039921.083]: clock update master offset       -919 s2 freq  -11263 path delay       364
ptp4l[1039921.633]: clock update master offset         93 s2 freq  -11259 path delay       367
ptp4l[1039922.183]: clock update master offset       2150 s2 freq  -11213 path delay       324
ptp4l[1039922.733]: clock update master offset        171 s2 freq  -11216 path delay       294
ptp4l[1039923.283]: clock update master offset        163 s2 freq  -11207 path delay       294
ptp4l[1039923.833]: clock update master offset       1192 s2 freq  -11199 path delay       253
ptp4l[1039924.383]: clock update master offset       1175 s2 freq  -11182 path delay       253
ptp4l[1039924.934]: clock update master offset       1146 s2 freq  -11180 path delay       257
ptp4l[1039925.483]: clock update master offset       -880 s2 freq  -11198 path delay       257
ptp4l[1039926.033]: clock update master offset       1181 s2 freq  -11180 path delay       180
ptp4l[1039926.583]: clock update master offset         65 s2 freq  -11187 path delay       270
ptp4l[1039927.134]: clock update master offset         43 s2 freq  -11194 path delay       270
ptp4l[1039927.684]: clock update master offset          5 s2 freq  -11211 path delay       289
