ptp4l[1893243.979]: selected /dev/ptp3 as PTP clock
ptp4l[1893243.981]: driver rejected most general HWTSTAMP filter
ptp4l[1893243.981]: port 1: INITIALIZING to LISTENING on INIT_COMPLETE
ptp4l[1893243.982]: port 0: INITIALIZING to LISTENING on INIT_COMPLETE
ptp4l[1893245.310]: port 1: new foreign master 20c9d0.fffe.32c61b-1
ptp4l[1893249.816]: selected best master clock 20c9d0.fffe.32c61b
ptp4l[1893249.816]: port 1: LISTENING to UNCALIBRATED on RS_SLAVE
ptp4l[1893250.942]: clock update master offset   -2736190 s0 freq +336867 path delay         1
ptp4l[1893251.393]: clock update master offset   -2941162 s0 freq +336867 path delay         1
ptp4l[1893252.519]: clock update master offset   -3079146 s0 freq +336867 path delay         1
ptp4l[1893252.970]: clock update master offset   -3422097 s1 freq   +1993 path delay         1
ptp4l[1893253.646]: clock update master offset    -206804 s2 freq -345737 path delay         1
ptp4l[1893253.646]: port 1: UNCALIBRATED to SLAVE on MASTER_CLOCK_SELECTED
ptp4l[1893254.096]: clock update master offset    -277498 s2 freq -579893 path delay         1
ptp4l[1893254.772]: clock update master offset    -184003 s2 freq -847974 path delay         1
ptp4l[1893255.222]: clock update master offset     118185 s2 freq -183411 path delay         1
ptp4l[1893255.898]: clock update master offset     603091 s2 freq +815643 path delay         1
ptp4l[1893256.349]: clock update master offset     922107 s2 freq +1000000 path delay         1
ptp4l[1893257.025]: clock update master offset     627952 s2 freq +1000000 path delay         1
ptp4l[1893257.475]: clock update master offset      14551 s2 freq +965933 path delay         1
ptp4l[1893257.926]: clock update master offset    -400055 s2 freq -689864 path delay         1
ptp4l[1893258.602]: clock update master offset   -1136018 s2 freq -1000000 path delay         1
ptp4l[1893259.052]: clock update master offset    -775010 s2 freq -1000000 path delay         1
ptp4l[1893259.728]: clock update master offset    -364409 s2 freq -1000000 path delay         1
ptp4l[1893260.179]: clock update master offset     250992 s2 freq +196514 path delay         1
ptp4l[1893260.855]: clock update master offset     906474 s2 freq +1000000 path delay         1
ptp4l[1893261.305]: clock update master offset     953124 s2 freq +1000000 path delay         1
ptp4l[1893261.981]: clock update master offset     543523 s2 freq +1000000 path delay         1
ptp4l[1893262.432]: clock update master offset     -67879 s2 freq +320549 path delay         1
ptp4l[1893262.882]: clock update master offset    -617117 s2 freq -844777 path delay         1
ptp4l[1893263.558]: clock update master offset    -986925 s2 freq -1000000 path delay         1
ptp4l[1893264.009]: clock update master offset    -499796 s2 freq -1000000 path delay         1
ptp4l[1893264.684]: clock update master offset     -88201 s2 freq -613952 path delay         1
ptp4l[1893265.135]: clock update master offset     607549 s2 freq +852532 path delay         1
ptp4l[1893265.811]: clock update master offset    1160974 s2 freq +1000000 path delay         1
ptp4l[1893266.261]: clock update master offset     668486 s2 freq +1000000 path delay         1
ptp4l[1893266.712]: clock update master offset     259879 s2 freq +1000000 path delay         1
ptp4l[1893267.838]: clock update master offset    -149724 s2 freq  -91436 path delay         1
ptp4l[1893268.514]: clock update master offset   -1396036 s2 freq -1000000 path delay         1
ptp4l[1893268.965]: clock update master offset   -1525588 s2 freq -1000000 path delay         1
ptp4l[1893269.641]: clock update master offset   -1114989 s2 freq -1000000 path delay         1
ptp4l[1893270.091]: clock update master offset    -499587 s2 freq -1000000 path delay         1
ptp4l[1893270.767]: clock update master offset     -87988 s2 freq -392594 path delay         1
ptp4l[1893271.218]: clock update master offset     651257 s2 freq +872383 path delay         1
ptp4l[1893271.894]: clock update master offset    1074055 s2 freq +1000000 path delay         1
ptp4l[1893272.344]: clock update master offset     564324 s2 freq +1000000 path delay         1
ptp4l[1893272.795]: clock update master offset     156723 s2 freq +752669 path delay         1
ptp4l[1893273.470]: clock update master offset    -303704 s2 freq -327229 path delay         1
ptp4l[1893273.921]: clock update master offset    -986085 s2 freq -1000000 path delay         1
ptp4l[1893274.597]: clock update master offset    -990551 s2 freq -1000000 path delay         1
ptp4l[1893275.047]: clock update master offset    -374144 s2 freq -1000000 path delay         1
ptp4l[1893275.723]: clock update master offset      35451 s2 freq -278195 path delay         1
ptp4l[1893276.850]: clock update master offset     799224 s2 freq +1000000 path delay         1
ptp4l[1893277.300]: clock update master offset    1348805 s2 freq +1000000 path delay         1
ptp4l[1893277.751]: clock update master offset     940201 s2 freq +1000000 path delay         1
ptp4l[1893278.427]: clock update master offset     532606 s2 freq +1000000 path delay         1
ptp4l[1893278.877]: clock update master offset     -81801 s2 freq  +59270 path delay         1
ptp4l[1893279.553]: clock update master offset    -682783 s2 freq -834897 path delay         1
ptp4l[1893280.004]: clock update master offset    -901015 s2 freq -1000000 path delay         1
ptp4l[1893280.680]: clock update master offset    -592970 s2 freq -1000000 path delay         1
ptp4l[1893281.130]: clock update master offset      22424 s2 freq -446668 path delay         1
ptp4l[1893281.581]: clock update master offset     545749 s2 freq +719725 path delay         1
ptp4l[1893282.257]: clock update master offset     969413 s2 freq +1000000 path delay         1
ptp4l[1893282.707]: clock update master offset     585848 s2 freq +1000000 path delay         1
ptp4l[1893283.383]: clock update master offset     177251 s2 freq +821859 path delay         1
ptp4l[1893283.833]: clock update master offset    -472761 s2 freq -605221 path delay         1
ptp4l[1893284.509]: clock update master offset   -1101721 s2 freq -1000000 path delay         1
ptp4l[1893284.960]: clock update master offset    -810006 s2 freq -1000000 path delay         1
ptp4l[1893285.410]: clock update master offset    -398409 s2 freq -1000000 path delay         1
ptp4l[1893286.086]: clock update master offset      12192 s2 freq -269495 path delay         1
ptp4l[1893286.537]: clock update master offset     777731 s2 freq +1000000 path delay         1
ptp4l[1893287.663]: clock update master offset    1149999 s2 freq +1000000 path delay         1
ptp4l[1893288.339]: clock update master offset     126994 s2 freq +828498 path delay         1
ptp4l[1893288.790]: clock update master offset    -520649 s2 freq -587501 path delay         1
ptp4l[1893289.466]: clock update master offset   -1151047 s2 freq -1000000 path delay         1
ptp4l[1893289.916]: clock update master offset    -873007 s2 freq -1000000 path delay         1
ptp4l[1893290.367]: clock update master offset    -463406 s2 freq -1000000 path delay         1
ptp4l[1893291.042]: clock update master offset     -52802 s2 freq -399414 path delay         1
ptp4l[1893291.493]: clock update master offset     686032 s2 freq +1000000 path delay         1
ptp4l[1893292.169]: clock update master offset    1139246 s2 freq +1000000 path delay         1
ptp4l[1893292.619]: clock update master offset     525848 s2 freq +1000000 path delay         1
ptp4l[1893293.295]: clock update master offset     116245 s2 freq +719142 path delay         1
ptp4l[1893293.746]: clock update master offset    -553880 s2 freq -831025 path delay         1
ptp4l[1893294.422]: clock update master offset   -1167551 s2 freq -1000000 path delay         1
ptp4l[1893294.872]: clock update master offset    -689699 s2 freq -1000000 path delay         1
ptp4l[1893295.323]: clock update master offset    -280097 s2 freq -1000000 path delay         1
ptp4l[1893295.999]: clock update master offset     130507 s2 freq  +56879 path delay         1
ptp4l[1893296.449]: clock update master offset     963448 s2 freq +1000000 path delay         1
ptp4l[1893297.125]: clock update master offset    1135009 s2 freq +1000000 path delay         1
ptp4l[1893297.576]: clock update master offset     521605 s2 freq +1000000 path delay         1
ptp4l[1893298.702]: clock update master offset     113007 s2 freq +635596 path delay         1
ptp4l[1893299.378]: clock update master offset    -982885 s2 freq -1000000 path delay         1
ptp4l[1893299.828]: clock update master offset   -1709546 s2 freq -1000000 path delay         1
ptp4l[1893300.279]: clock update master offset   -1297944 s2 freq -1000000 path delay         1
ptp4l[1893300.955]: clock update master offset    -888352 s2 freq -1000000 path delay         1
ptp4l[1893301.405]: clock update master offset    -271950 s2 freq -713315 path delay         1
ptp4l[1893302.081]: clock update master offset     195577 s2 freq +141736 path delay         1
ptp4l[1893303.208]: clock update master offset     812577 s2 freq +1000000 path delay         1
ptp4l[1893303.658]: clock update master offset     844836 s2 freq +1000000 path delay         1
ptp4l[1893304.334]: clock update master offset     436232 s2 freq +1000000 path delay         1
ptp4l[1893304.785]: clock update master offset    -176167 s2 freq +330109 path delay         1
ptp4l[1893305.235]: clock update master offset    -723643 s2 freq -1000000 path delay         1
ptp4l[1893305.911]: clock update master offset   -1130258 s2 freq -1000000 path delay         1
ptp4l[1893306.362]: clock update master offset    -515852 s2 freq -1000000 path delay         1
ptp4l[1893307.038]: clock update master offset    -105257 s2 freq -619117 path delay         1
ptp4l[1893307.488]: clock update master offset     588593 s2 freq +913911 path delay         1
ptp4l[1893308.164]: clock update master offset    1159240 s2 freq +1000000 path delay         1
ptp4l[1893308.615]: clock update master offset     617426 s2 freq +1000000 path delay         1
ptp4l[1893309.065]: clock update master offset     207828 s2 freq +952057 path delay         1
ptp4l[1893309.741]: clock update master offset    -211627 s2 freq -197670 path delay         1
ptp4l[1893310.191]: clock update master offset   -1031836 s2 freq -1000000 path delay         1
ptp4l[1893310.867]: clock update master offset   -1114782 s2 freq -1000000 path delay         1
ptp4l[1893311.318]: clock update master offset    -499381 s2 freq -1000000 path delay         1
ptp4l[1893311.994]: clock update master offset     -87785 s2 freq -539074 path delay         1
ptp4l[1893312.444]: clock update master offset     621361 s2 freq +891222 path delay         1
ptp4l[1893313.120]: clock update master offset    1138202 s2 freq +1000000 path delay         1
ptp4l[1893313.571]: clock update master offset     612993 s2 freq +1000000 path delay         1
ptp4l[1893314.247]: clock update master offset     205393 s2 freq +891150 path delay         1
ptp4l[1893314.697]: clock update master offset    -430383 s2 freq -632500 path delay         1
ptp4l[1893315.148]: clock update master offset   -1107547 s2 freq -1000000 path delay         1
ptp4l[1893315.824]: clock update master offset    -924010 s2 freq -1000000 path delay         1
ptp4l[1893316.274]: clock update master offset    -307610 s2 freq -1000000 path delay         1
ptp4l[1893316.950]: clock update master offset     100991 s2 freq  -35172 path delay         1
ptp4l[1893317.401]: clock update master offset     915706 s2 freq +1000000 path delay         1
ptp4l[1893318.077]: clock update master offset    1143872 s2 freq +1000000 path delay         1
ptp4l[1893318.527]: clock update master offset     530467 s2 freq +1000000 path delay         1
ptp4l[1893318.978]: clock update master offset     121866 s2 freq +654583 path delay         1
ptp4l[1893319.653]: clock update master offset    -356730 s2 freq -411551 path delay         1
ptp4l[1893320.104]: clock update master offset    -979006 s2 freq -1000000 path delay         1
ptp4l[1893320.780]: clock update master offset    -928387 s2 freq -1000000 path delay         1
ptp4l[1893321.230]: clock update master offset    -312981 s2 freq -1000000 path delay         1
ptp4l[1893321.906]: clock update master offset      96614 s2 freq -117972 path delay         1
ptp4l[1893322.357]: clock update master offset     894308 s2 freq +1000000 path delay         1
ptp4l[1893323.033]: clock update master offset    1173807 s2 freq +1000000 path delay         1
ptp4l[1893323.483]: clock update master offset     560409 s2 freq +1000000 path delay         1
ptp4l[1893323.934]: clock update master offset     150805 s2 freq +712491 path delay         1
ptp4l[1893324.610]: clock update master offset    -316887 s2 freq -370171 path delay         1
ptp4l[1893325.060]: clock update master offset    -976522 s2 freq -1000000 path delay         1
ptp4l[1893325.736]: clock update master offset    -952383 s2 freq -1000000 path delay         1
ptp4l[1893326.187]: clock update master offset    -337973 s2 freq -1000000 path delay         1
ptp4l[1893326.863]: clock update master offset      73622 s2 freq -186216 path delay         1
ptp4l[1893327.313]: clock update master offset     855523 s2 freq +1000000 path delay         1
ptp4l[1893327.989]: clock update master offset    1176598 s2 freq +1000000 path delay         1
ptp4l[1893328.439]: clock update master offset     564192 s2 freq +1000000 path delay         1
ptp4l[1893328.890]: clock update master offset     155591 s2 freq +727208 path delay         1
ptp4l[1893329.566]: clock update master offset    -310078 s2 freq -368655 path delay         1
ptp4l[1893330.016]: clock update master offset    -981114 s2 freq -1000000 path delay         1
ptp4l[1893330.692]: clock update master offset    -959869 s2 freq -1000000 path delay         1
ptp4l[1893331.143]: clock update master offset    -342461 s2 freq -1000000 path delay         1
ptp4l[1893331.819]: clock update master offset      67134 s2 freq -203585 path delay         1
ptp4l[1893332.269]: clock update master offset     846206 s2 freq +1000000 path delay         1
ptp4l[1893332.720]: clock update master offset    1177956 s2 freq +1000000 path delay         1
ptp4l[1893333.846]: clock update master offset     770352 s2 freq +1000000 path delay         1
ptp4l[1893334.522]: clock update master offset    -251650 s2 freq  -61229 path delay         1
ptp4l[1893334.973]: clock update master offset   -1083175 s2 freq -1000000 path delay         1
ptp4l[1893335.649]: clock update master offset   -1251014 s2 freq -1000000 path delay         1
ptp4l[1893336.099]: clock update master offset    -634606 s2 freq -1000000 path delay         1
ptp4l[1893336.775]: clock update master offset    -224005 s2 freq -791644 path delay         1
ptp4l[1893337.225]: clock update master offset     434224 s2 freq +659662 path delay         1
ptp4l[1893337.676]: clock update master offset    1056764 s2 freq +1000000 path delay         1
ptp4l[1893338.352]: clock update master offset     857518 s2 freq +1000000 path delay         1
ptp4l[1893338.802]: clock update master offset     244120 s2 freq +1000000 path delay         1
ptp4l[1893339.478]: clock update master offset    -165484 s2 freq  -82803 path delay         1
ptp4l[1893339.929]: clock update master offset   -1001436 s2 freq -1000000 path delay         1
ptp4l[1893340.414]: clock update master offset   -1154300 s2 freq -1000000 path delay         1
ptp4l[1893340.742]: clock update master offset    -537905 s2 freq -1000000 path delay         1
ptp4l[1893341.293]: clock update master offset    -215787 s2 freq -801127 path delay         1
ptp4l[1893341.844]: clock update master offset     286702 s2 freq +355561 path delay         1
ptp4l[1893342.632]: clock update master offset     699739 s2 freq +1000000 path delay         1
ptp4l[1893343.308]: clock update master offset     648216 s2 freq +1000000 path delay         1
ptp4l[1893343.759]: clock update master offset      35815 s2 freq +535246 path delay         1
ptp4l[1893344.435]: clock update master offset    -469301 s2 freq -453910 path delay         1
ptp4l[1893344.885]: clock update master offset   -1000814 s2 freq -1000000 path delay         1
ptp4l[1893345.561]: clock update master offset    -926124 s2 freq -1000000 path delay         1
ptp4l[1893346.011]: clock update master offset    -310725 s2 freq -1000000 path delay         1
ptp4l[1893346.688]: clock update master offset      99877 s2 freq -106604 path delay         1
ptp4l[1893347.138]: clock update master offset     899100 s2 freq +1000000 path delay         1
ptp4l[1893347.588]: clock update master offset    1172201 s2 freq +1000000 path delay         1
ptp4l[1893348.264]: clock update master offset     763597 s2 freq +1000000 path delay         1
ptp4l[1893348.715]: clock update master offset     150196 s2 freq +769774 path delay         1
ptp4l[1893349.391]: clock update master offset    -306802 s2 freq -365510 path delay         1
ptp4l[1893349.841]: clock update master offset   -1011095 s2 freq -1000000 path delay         1
ptp4l[1893350.517]: clock update master offset    -990797 s2 freq -1000000 path delay         1
ptp4l[1893350.968]: clock update master offset    -375396 s2 freq -1000000 path delay         1
ptp4l[1893351.643]: clock update master offset      34199 s2 freq -250280 path delay         1
ptp4l[1893352.094]: clock update master offset     804686 s2 freq +1000000 path delay         1
ptp4l[1893352.545]: clock update master offset    1163184 s2 freq +1000000 path delay         1
ptp4l[1893353.221]: clock update master offset     754580 s2 freq +1000000 path delay         1
ptp4l[1893353.671]: clock update master offset     142178 s2 freq +786839 path delay         1
ptp4l[1893354.347]: clock update master offset    -309242 s2 freq -378817 path delay         1
ptp4l[1893354.797]: clock update master offset   -1032260 s2 freq -1000000 path delay         1
ptp4l[1893355.474]: clock update master offset   -1003776 s2 freq -1000000 path delay         1
ptp4l[1893355.924]: clock update master offset    -387374 s2 freq -1000000 path delay         1
ptp4l[1893356.374]: clock update master offset      23225 s2 freq -271779 path delay         1
ptp4l[1893357.050]: clock update master offset     581492 s2 freq +716722 path delay         1
ptp4l[1893357.501]: clock update master offset     954629 s2 freq +1000000 path delay         1
ptp4l[1893358.177]: clock update master offset     719285 s2 freq +1000000 path delay         1
ptp4l[1893358.627]: clock update master offset     105887 s2 freq +791510 path delay         1
ptp4l[1893359.303]: clock update master offset    -345572 s2 freq -377148 path delay         1
ptp4l[1893359.754]: clock update master offset   -1071061 s2 freq -1000000 path delay         1
ptp4l[1893360.430]: clock update master offset   -1043762 s2 freq -1000000 path delay         1
ptp4l[1893360.880]: clock update master offset    -427360 s2 freq -1000000 path delay         1
ptp4l[1893361.331]: clock update master offset     -16768 s2 freq -343173 path delay         1
ptp4l[1893362.007]: clock update master offset     527840 s2 freq +644561 path delay         1
ptp4l[1893362.457]: clock update master offset     944073 s2 freq +1000000 path delay         1
ptp4l[1893363.133]: clock update master offset     754121 s2 freq +1000000 path delay         1
ptp4l[1893363.583]: clock update master offset     140720 s2 freq +872317 path delay         1
ptp4l[1893364.260]: clock update master offset    -295126 s2 freq -282349 path delay         1
ptp4l[1893364.710]: clock update master offset   -1065737 s2 freq -1000000 path delay         1
ptp4l[1893365.386]: clock update master offset   -1098594 s2 freq -1000000 path delay         1
ptp4l[1893365.836]: clock update master offset    -482190 s2 freq -1000000 path delay         1
ptp4l[1893366.512]: clock update master offset     -72586 s2 freq -473332 path delay         1
ptp4l[1893366.963]: clock update master offset     652223 s2 freq +940158 path delay         1
ptp4l[1893367.413]: clock update master offset    1136595 s2 freq +1000000 path delay         1
ptp4l[1893368.089]: clock update master offset     765813 s2 freq +1000000 path delay         1
ptp4l[1893368.540]: clock update master offset     151412 s2 freq +854278 path delay         1
ptp4l[1893369.216]: clock update master offset    -286206 s2 freq -344758 path delay         1
ptp4l[1893369.666]: clock update master offset   -1055506 s2 freq -1000000 path delay         1
ptp4l[1893370.342]: clock update master offset   -1048957 s2 freq -1000000 path delay         1
ptp4l[1893370.793]: clock update master offset    -432556 s2 freq -1000000 path delay         1
ptp4l[1893371.243]: clock update master offset     -22961 s2 freq -374346 path delay         1
ptp4l[1893371.919]: clock update master offset     515227 s2 freq +620578 path delay         1
ptp4l[1893372.370]: clock update master offset     950728 s2 freq +1000000 path delay         1
ptp4l[1893373.046]: clock update master offset     775526 s2 freq +1000000 path delay         1
ptp4l[1893373.496]: clock update master offset     163124 s2 freq +913508 path delay         1
ptp4l[1893374.172]: clock update master offset    -264255 s2 freq -235556 path delay         1
ptp4l[1893374.622]: clock update master offset   -1060662 s2 freq -1000000 path delay         1
ptp4l[1893375.299]: clock update master offset   -1118303 s2 freq -1000000 path delay         1
ptp4l[1893375.749]: clock update master offset    -504902 s2 freq -1000000 path delay         1
ptp4l[1893376.199]: clock update master offset     -93305 s2 freq -529321 path delay         1
ptp4l[1893376.875]: clock update master offset     415035 s2 freq +486941 path delay         1
ptp4l[1893378.002]: clock update master offset     949125 s2 freq +1000000 path delay         1
ptp4l[1893378.452]: clock update master offset     557946 s2 freq +1000000 path delay         1
ptp4l[1893379.128]: clock update master offset     148342 s2 freq +800156 path delay         1
ptp4l[1893379.579]: clock update master offset    -505135 s2 freq -433925 path delay         1
ptp4l[1893380.254]: clock update master offset   -1085825 s2 freq -1000000 path delay         1
ptp4l[1893380.705]: clock update master offset    -935573 s2 freq -1000000 path delay         1
ptp4l[1893381.156]: clock update master offset    -524969 s2 freq -1000000 path delay         1
ptp4l[1893381.832]: clock update master offset    -113374 s2 freq -578320 path delay         1
ptp4l[1893382.282]: clock update master offset     587828 s2 freq +911823 path delay         1
ptp4l[1893382.958]: clock update master offset    1132967 s2 freq +1000000 path delay         1
ptp4l[1893383.408]: clock update master offset     591864 s2 freq +1000000 path delay         1
ptp4l[1893384.085]: clock update master offset     183269 s2 freq +878431 path delay         1
ptp4l[1893384.535]: clock update master offset    -455169 s2 freq -666618 path delay         1
ptp4l[1893384.985]: clock update master offset   -1130542 s2 freq -1000000 path delay         1
ptp4l[1893385.661]: clock update master offset    -927013 s2 freq -1000000 path delay         1
ptp4l[1893386.112]: clock update master offset    -311612 s2 freq -1000000 path delay         1
ptp4l[1893386.788]: clock update master offset      98992 s2 freq  -23416 path delay         1
ptp4l[1893387.238]: clock update master offset     915100 s2 freq +1000000 path delay         1
ptp4l[1893387.914]: clock update master offset    1136027 s2 freq +1000000 path delay         1
ptp4l[1893388.365]: clock update master offset     523625 s2 freq +1000000 path delay         1
ptp4l[1893389.040]: clock update master offset     115031 s2 freq +645204 path delay         1
ptp4l[1893389.491]: clock update master offset    -572295 s2 freq -828516 path delay         1
ptp4l[1893389.942]: clock update master offset   -1137448 s2 freq -1000000 path delay         1
ptp4l[1893390.618]: clock update master offset    -832330 s2 freq -1000000 path delay         1
ptp4l[1893391.068]: clock update master offset    -215928 s2 freq -991387 path delay         1
ptp4l[1893391.744]: clock update master offset     195442 s2 freq +204904 path delay         1
ptp4l[1893392.194]: clock update master offset    1052418 s2 freq +1000000 path delay         1
ptp4l[1893392.871]: clock update master offset    1130880 s2 freq +1000000 path delay         1
ptp4l[1893393.321]: clock update master offset     517488 s2 freq +1000000 path delay         1
ptp4l[1893393.997]: clock update master offset     108879 s2 freq +590624 path delay         1
ptp4l[1893394.447]: clock update master offset    -588673 s2 freq -834209 path delay         1
ptp4l[1893394.898]: clock update master offset   -1121448 s2 freq -1000000 path delay         1
ptp4l[1893395.574]: clock update master offset    -811828 s2 freq -1000000 path delay         1
ptp4l[1893396.024]: clock update master offset    -197430 s2 freq -937564 path delay         1
ptp4l[1893396.700]: clock update master offset     227008 s2 freq +251012 path delay         1
ptp4l[1893397.151]: clock update master offset    1047385 s2 freq +1000000 path delay         1
ptp4l[1893397.826]: clock update master offset    1099671 s2 freq +1000000 path delay         1
ptp4l[1893398.277]: clock update master offset     487263 s2 freq +1000000 path delay         1
ptp4l[1893398.728]: clock update master offset      78668 s2 freq +521302 path delay         1
ptp4l[1893399.404]: clock update master offset    -429337 s2 freq -490840 path delay         1
ptp4l[1893399.854]: clock update master offset    -957018 s2 freq -1000000 path delay         1
ptp4l[1893400.530]: clock update master offset    -860646 s2 freq -1000000 path delay         1
ptp4l[1893400.980]: clock update master offset    -245245 s2 freq -1000000 path delay         1
ptp4l[1893401.657]: clock update master offset     165359 s2 freq  +46329 path delay         1
ptp4l[1893402.107]: clock update master offset     997089 s2 freq +1000000 path delay         1
ptp4l[1893402.783]: clock update master offset    1175116 s2 freq +1000000 path delay         1
ptp4l[1893403.233]: clock update master offset     561705 s2 freq +1000000 path delay         1
ptp4l[1893403.909]: clock update master offset     153110 s2 freq +693114 path delay         1
ptp4l[1893404.360]: clock update master offset    -523438 s2 freq -762480 path delay         1
ptp4l[1893404.810]: clock update master offset   -1105498 s2 freq -1000000 path delay         1
ptp4l[1893405.486]: clock update master offset    -840999 s2 freq -1000000 path delay         1
ptp4l[1893406.612]: clock update master offset    -225598 s2 freq -1000000 path delay         1
ptp4l[1893407.063]: clock update master offset     801405 s2 freq +1000000 path delay         1
ptp4l[1893407.739]: clock update master offset    1622066 s2 freq +1000000 path delay         1
ptp4l[1893408.190]: clock update master offset    1008665 s2 freq +1000000 path delay         1
ptp4l[1893408.640]: clock update master offset     600061 s2 freq +1000000 path delay         1
ptp4l[1893409.316]: clock update master offset     191460 s2 freq +478204 path delay         1
ptp4l[1893409.766]: clock update master offset    -530196 s2 freq -820484 path delay         1
ptp4l[1893410.443]: clock update master offset    -990001 s2 freq -1000000 path delay         1
ptp4l[1893410.893]: clock update master offset    -521856 s2 freq -1000000 path delay         1
ptp4l[1893411.569]: clock update master offset    -111255 s2 freq -747865 path delay         1
ptp4l[1893412.019]: clock update master offset     554968 s2 freq +741930 path delay         1
ptp4l[1893412.695]: clock update master offset    1168512 s2 freq +1000000 path delay         1
ptp4l[1893413.146]: clock update master offset     767805 s2 freq +1000000 path delay         1
ptp4l[1893413.596]: clock update master offset     358204 s2 freq +1000000 path delay         1
ptp4l[1893414.272]: clock update master offset     -50400 s2 freq +119310 path delay         1
ptp4l[1893414.723]: clock update master offset    -844798 s2 freq -1000000 path delay         1
ptp4l[1893415.398]: clock update master offset   -1123707 s2 freq -1000000 path delay         1
ptp4l[1893415.849]: clock update master offset    -508309 s2 freq -1000000 path delay         1
ptp4l[1893416.525]: clock update master offset     -97705 s2 freq -643122 path delay         1
ptp4l[1893417.651]: clock update master offset     592041 s2 freq +857629 path delay         1
ptp4l[1893418.102]: clock update master offset    1561067 s2 freq +1000000 path delay         1
ptp4l[1893418.552]: clock update master offset    1241048 s2 freq +1000000 path delay         1
ptp4l[1893419.229]: clock update master offset     831444 s2 freq +1000000 path delay         1
ptp4l[1893419.679]: clock update master offset     219042 s2 freq +715320 path delay         1
ptp4l[1893420.355]: clock update master offset    -250069 s2 freq -185901 path delay         1
ptp4l[1893420.805]: clock update master offset    -871793 s2 freq -1000000 path delay         1
ptp4l[1893421.481]: clock update master offset    -962966 s2 freq -1000000 path delay         1
ptp4l[1893421.932]: clock update master offset    -347565 s2 freq -1000000 path delay         1
ptp4l[1893422.382]: clock update master offset      62036 s2 freq -197637 path delay         1
ptp4l[1893423.058]: clock update master offset     638528 s2 freq +831820 path delay         1
ptp4l[1893423.509]: clock update master offset     972534 s2 freq +1000000 path delay         1
ptp4l[1893424.184]: clock update master offset     668381 s2 freq +1000000 path delay         1
ptp4l[1893424.635]: clock update master offset      54983 s2 freq +719252 path delay         1
ptp4l[1893425.311]: clock update master offset    -411324 s2 freq -487391 path delay         1
ptp4l[1893425.762]: clock update master offset   -1100231 s2 freq -1000000 path delay         1
ptp4l[1893426.437]: clock update master offset   -1005147 s2 freq -1000000 path delay         1
ptp4l[1893426.888]: clock update master offset    -389740 s2 freq -1000000 path delay         1
ptp4l[1893427.338]: clock update master offset      19855 s2 freq -234068 path delay         1
ptp4l[1893428.465]: clock update master offset     587895 s2 freq +731234 path delay         1
ptp4l[1893429.141]: clock update master offset    1027004 s2 freq +1000000 path delay         1
ptp4l[1893429.591]: clock update master offset     634976 s2 freq +1000000 path delay         1
ptp4l[1893430.267]: clock update master offset     226372 s2 freq +1000000 path delay         1
ptp4l[1893430.718]: clock update master offset    -387029 s2 freq -474170 path delay         1
ptp4l[1893431.394]: clock update master offset   -1097618 s2 freq -1000000 path delay         1
ptp4l[1893431.844]: clock update master offset    -914356 s2 freq -1000000 path delay         1
ptp4l[1893432.520]: clock update master offset    -502755 s2 freq -1000000 path delay         1
ptp4l[1893432.971]: clock update master offset     112646 s2 freq -105395 path delay         1
ptp4l[1893433.421]: clock update master offset     707084 s2 freq +972098 path delay         1
ptp4l[1893434.097]: clock update master offset     971689 s2 freq +1000000 path delay         1
ptp4l[1893434.548]: clock update master offset     382164 s2 freq +1000000 path delay         1
ptp4l[1893435.223]: clock update master offset     -27440 s2 freq +353786 path delay         1
ptp4l[1893435.674]: clock update master offset    -773648 s2 freq -1000000 path delay         1
ptp4l[1893436.350]: clock update master offset   -1195801 s2 freq -1000000 path delay         1
ptp4l[1893436.801]: clock update master offset    -580397 s2 freq -1000000 path delay         1
ptp4l[1893437.251]: clock update master offset    -168801 s2 freq -795990 path delay         1
ptp4l[1893437.927]: clock update master offset     283730 s2 freq +338434 path delay         1
ptp4l[1893438.377]: clock update master offset    1007950 s2 freq +1000000 path delay         1
ptp4l[1893439.053]: clock update master offset    1005302 s2 freq +1000000 path delay         1
ptp4l[1893439.504]: clock update master offset     391901 s2 freq +1000000 path delay         1
ptp4l[1893440.180]: clock update master offset     -16700 s2 freq +312767 path delay         1
ptp4l[1893440.630]: clock update master offset    -771351 s2 freq -1000000 path delay         1
ptp4l[1893441.081]: clock update master offset   -1169251 s2 freq -1000000 path delay         1
ptp4l[1893441.757]: clock update master offset    -758647 s2 freq -1000000 path delay         1
ptp4l[1893442.207]: clock update master offset    -143249 s2 freq -789513 path delay         1
ptp4l[1893442.883]: clock update master offset     310624 s2 freq +396315 path delay         1
ptp4l[1893444.009]: clock update master offset    1040417 s2 freq +1000000 path delay         1
ptp4l[1893444.460]: clock update master offset     760664 s2 freq +1000000 path delay         1
ptp4l[1893445.136]: clock update master offset     353060 s2 freq +1000000 path delay         1
ptp4l[1893446.037]: clock update master offset    -260338 s2 freq   +4781 path delay         1
ptp4l[1893446.713]: clock update master offset   -1283078 s2 freq -1000000 path delay         1
ptp4l[1893447.163]: clock update master offset   -1489512 s2 freq -1000000 path delay         1
ptp4l[1893447.839]: clock update master offset   -1080917 s2 freq -1000000 path delay         1
ptp4l[1893448.291]: clock update master offset    -463513 s2 freq -1000000 path delay         1
ptp4l[1893448.966]: clock update master offset     -53912 s2 freq -275276 path delay         1
ptp4l[1893449.416]: clock update master offset     710450 s2 freq +986088 path delay         1
ptp4l[1893450.092]: clock update master offset    1082515 s2 freq +1000000 path delay         1
ptp4l[1893450.543]: clock update master offset     481524 s2 freq +1000000 path delay         1
ptp4l[1893450.993]: clock update master offset      71924 s2 freq +594470 path delay         1
ptp4l[1893451.669]: clock update master offset    -419025 s2 freq -516407 path delay         1
ptp4l[1893452.120]: clock update master offset   -1010577 s2 freq -1000000 path delay         1
ptp4l[1893452.795]: clock update master offset    -897451 s2 freq -1000000 path delay         1
ptp4l[1893453.246]: clock update master offset    -282053 s2 freq -1000000 path delay         1
ptp4l[1893453.922]: clock update master offset     128551 s2 freq  -38344 path delay         1
ptp4l[1893454.373]: clock update master offset     940611 s2 freq +1000000 path delay         1
ptp4l[1893455.048]: clock update master offset    1170949 s2 freq +1000000 path delay         1
ptp4l[1893455.499]: clock update master offset     557551 s2 freq +1000000 path delay         1
ptp4l[1893455.949]: clock update master offset     147947 s2 freq +688773 path delay         1
ptp4l[1893457.076]: clock update master offset    -323612 s2 freq -375861 path delay         1
ptp4l[1893457.752]: clock update master offset   -1245739 s2 freq -1000000 path delay         1
ptp4l[1893458.202]: clock update master offset   -1142096 s2 freq -1000000 path delay         1
ptp4l[1893459.329]: clock update master offset    -730501 s2 freq -1000000 path delay         1
ptp4l[1893459.779]: clock update master offset     294501 s2 freq +147492 path delay         1
ptp4l[1893460.455]: clock update master offset     940963 s2 freq +1000000 path delay         1
ptp4l[1893460.906]: clock update master offset    1026553 s2 freq +1000000 path delay         1
ptp4l[1893461.581]: clock update master offset     617948 s2 freq +1000000 path delay         1
ptp4l[1893462.032]: clock update master offset       5550 s2 freq +440681 path delay         1
ptp4l[1893462.708]: clock update master offset    -519010 s2 freq -730536 path delay         1
ptp4l[1893463.159]: clock update master offset   -1029461 s2 freq -1000000 path delay         1
ptp4l[1893463.834]: clock update master offset    -785747 s2 freq -1000000 path delay         1
ptp4l[1893464.285]: clock update master offset    -170340 s2 freq -1000000 path delay         1
ptp4l[1893464.735]: clock update master offset     240255 s2 freq +212377 path delay         1
ptp4l[1893465.412]: clock update master offset     901042 s2 freq +1000000 path delay         1
ptp4l[1893465.862]: clock update master offset     933649 s2 freq +1000000 path delay         1
ptp4l[1893466.538]: clock update master offset     525048 s2 freq +1000000 path delay         1
ptp4l[1893466.988]: clock update master offset     -88353 s2 freq +278189 path delay         1
ptp4l[1893468.115]: clock update master offset    -645290 s2 freq -883693 path delay         1
ptp4l[1893468.790]: clock update master offset   -1166954 s2 freq -1000000 path delay         1
ptp4l[1893469.241]: clock update master offset    -646917 s2 freq -1000000 path delay         1
ptp4l[1893469.692]: clock update master offset    -236321 s2 freq -1000000 path delay         1
ptp4l[1893470.367]: clock update master offset     174283 s2 freq +106224 path delay         1
ptp4l[1893470.818]: clock update master offset    1017061 s2 freq +1000000 path delay         1
ptp4l[1893471.494]: clock update master offset    1159249 s2 freq +1000000 path delay         1
ptp4l[1893471.945]: clock update master offset     544850 s2 freq +1000000 path delay         1
ptp4l[1893472.620]: clock update master offset     137246 s2 freq +642349 path delay         1
ptp4l[1893473.071]: clock update master offset    -550683 s2 freq -801544 path delay         1
ptp4l[1893473.747]: clock update master offset   -1109576 s2 freq -1000000 path delay         1
ptp4l[1893474.873]: clock update master offset    -656895 s2 freq -1000000 path delay         1
ptp4l[1893475.324]: clock update master offset     370108 s2 freq +235166 path delay         1
ptp4l[1893475.774]: clock update master offset    1034571 s2 freq +1000000 path delay         1
ptp4l[1893476.450]: clock update master offset    1094446 s2 freq +1000000 path delay         1
ptp4l[1893476.901]: clock update master offset     481045 s2 freq +1000000 path delay         1
ptp4l[1893477.577]: clock update master offset      72444 s2 freq +435539 path delay         1
ptp4l[1893478.027]: clock update master offset    -655968 s2 freq -973615 path delay         1
ptp4l[1893478.703]: clock update master offset   -1123949 s2 freq -1000000 path delay         1
ptp4l[1893479.154]: clock update master offset    -529194 s2 freq -1000000 path delay         1
ptp4l[1893479.604]: clock update master offset    -118593 s2 freq -736879 path delay         1
ptp4l[1893480.280]: clock update master offset     346083 s2 freq +407180 path delay         1
ptp4l[1893480.730]: clock update master offset    1034969 s2 freq +1000000 path delay         1
ptp4l[1893481.406]: clock update master offset     991025 s2 freq +1000000 path delay         1
ptp4l[1893481.857]: clock update master offset     377626 s2 freq +1000000 path delay         1
ptp4l[1893482.533]: clock update master offset     -30979 s2 freq +254570 path delay         1
ptp4l[1893482.984]: clock update master offset    -796590 s2 freq -1000000 path delay         1
ptp4l[1893483.434]: clock update master offset   -1159056 s2 freq -1000000 path delay         1
ptp4l[1893484.110]: clock update master offset    -748462 s2 freq -1000000 path delay         1
ptp4l[1893484.560]: clock update master offset    -133061 s2 freq -765326 path delay         1
ptp4l[1893485.236]: clock update master offset     325776 s2 freq +408595 path delay         1
ptp4l[1893485.687]: clock update master offset    1037567 s2 freq +1000000 path delay         1
ptp4l[1893486.363]: clock update master offset     993764 s2 freq +1000000 path delay         1
ptp4l[1893486.813]: clock update master offset     381362 s2 freq +1000000 path delay         1
ptp4l[1893487.489]: clock update master offset     -27242 s2 freq +262626 path delay         1
ptp4l[1893487.940]: clock update master offset    -792424 s2 freq -1000000 path delay         1
ptp4l[1893488.390]: clock update master offset   -1159483 s2 freq -1000000 path delay         1
ptp4l[1893489.066]: clock update master offset    -749888 s2 freq -1000000 path delay         1
ptp4l[1893489.517]: clock update master offset    -133486 s2 freq -768527 path delay         1
ptp4l[1893490.192]: clock update master offset     324697 s2 freq +407685 path delay         1
ptp4l[1893490.643]: clock update master offset    1039612 s2 freq +1000000 path delay         1
ptp4l[1893491.319]: clock update master offset     994349 s2 freq +1000000 path delay         1
ptp4l[1893491.770]: clock update master offset     380948 s2 freq +1000000 path delay         1
ptp4l[1893492.445]: clock update master offset     -25647 s2 freq +263840 path delay         1
ptp4l[1893492.896]: clock update master offset    -791408 s2 freq -1000000 path delay         1
ptp4l[1893493.572]: clock update master offset   -1158232 s2 freq -1000000 path delay         1
ptp4l[1893494.023]: clock update master offset    -541830 s2 freq -1000000 path delay         1
ptp4l[1893494.473]: clock update master offset    -131226 s2 freq -694807 path delay         1
ptp4l[1893495.149]: clock update master offset     341102 s2 freq +419916 path delay         1
ptp4l[1893495.599]: clock update master offset     999088 s2 freq +1000000 path delay         1
ptp4l[1893496.275]: clock update master offset     946305 s2 freq +1000000 path delay         1
ptp4l[1893496.726]: clock update master offset     332904 s2 freq +1000000 path delay         1
ptp4l[1893497.401]: clock update master offset     -76697 s2 freq +175748 path delay         1
ptp4l[1893497.852]: clock update master offset    -858506 s2 freq -1000000 path delay         1
ptp4l[1893498.528]: clock update master offset   -1172148 s2 freq -1000000 path delay         1
ptp4l[1893498.978]: clock update master offset    -556747 s2 freq -1000000 path delay         1
ptp4l[1893499.429]: clock update master offset    -146142 s2 freq -700834 path delay         1
ptp4l[1893500.105]: clock update master offset     326944 s2 freq +397181 path delay         1
ptp4l[1893500.555]: clock update master offset     983210 s2 freq +1000000 path delay         1
ptp4l[1893501.231]: clock update master offset     946436 s2 freq +1000000 path delay         1
ptp4l[1893501.682]: clock update master offset     334028 s2 freq +1000000 path delay         1
ptp4l[1893502.358]: clock update master offset     -74567 s2 freq +188101 path delay         1
ptp4l[1893502.809]: clock update master offset    -855882 s2 freq -1000000 path delay         1
ptp4l[1893503.259]: clock update master offset   -1176539 s2 freq -1000000 path delay         1
ptp4l[1893503.935]: clock update master offset    -766938 s2 freq -1000000 path delay         1
ptp4l[1893504.385]: clock update master offset    -150534 s2 freq -775589 path delay         1
ptp4l[1893505.061]: clock update master offset     305188 s2 freq +378762 path delay         1
ptp4l[1893505.512]: clock update master offset    1020295 s2 freq +1000000 path delay         1
ptp4l[1893506.187]: clock update master offset     994839 s2 freq +1000000 path delay         1
ptp4l[1893506.638]: clock update master offset     380438 s2 freq +1000000 path delay         1
ptp4l[1893507.089]: clock update master offset     -27166 s2 freq +271855 path delay         1
ptp4l[1893507.764]: clock update master offset    -586428 s2 freq -716777 path delay         1
ptp4l[1893508.215]: clock update master offset    -954636 s2 freq -1000000 path delay         1
ptp4l[1893508.891]: clock update master offset    -718244 s2 freq -1000000 path delay         1
ptp4l[1893509.341]: clock update master offset    -102842 s2 freq -777349 path delay         1
ptp4l[1893510.017]: clock update master offset     352516 s2 freq +392325 path delay         1
ptp4l[1893510.468]: clock update master offset    1072495 s2 freq +1000000 path delay         1
ptp4l[1893511.144]: clock update master offset    1036696 s2 freq +1000000 path delay         1
ptp4l[1893511.595]: clock update master offset     423295 s2 freq +1000000 path delay         1
ptp4l[1893512.270]: clock update master offset      14691 s2 freq +340294 path delay         1
ptp4l[1893512.721]: clock update master offset    -734309 s2 freq -1000000 path delay         1
ptp4l[1893513.171]: clock update master offset   -1148155 s2 freq -1000000 path delay         1
ptp4l[1893513.847]: clock update master offset    -737558 s2 freq -1000000 path delay         1
ptp4l[1893514.298]: clock update master offset    -121155 s2 freq -765111 path delay         1
ptp4l[1893514.973]: clock update master offset     337734 s2 freq +430935 path delay         1
ptp4l[1893515.424]: clock update master offset    1054681 s2 freq +1000000 path delay         1
ptp4l[1893516.100]: clock update master offset     995117 s2 freq +1000000 path delay         1
ptp4l[1893516.550]: clock update master offset     382715 s2 freq +1000000 path delay         1
ptp4l[1893517.001]: clock update master offset     -26885 s2 freq +257886 path delay         1
ptp4l[1893517.677]: clock update master offset    -588018 s2 freq -718438 path delay         1
ptp4l[1893518.127]: clock update master offset    -946130 s2 freq -1000000 path delay         1
ptp4l[1893518.803]: clock update master offset    -709726 s2 freq -1000000 path delay         1
ptp4l[1893519.254]: clock update master offset     -94328 s2 freq -758462 path delay         1
ptp4l[1893519.930]: clock update master offset     365921 s2 freq +409933 path delay         1
ptp4l[1893520.381]: clock update master offset    1074076 s2 freq +1000000 path delay         1
ptp4l[1893521.056]: clock update master offset    1029627 s2 freq +1000000 path delay         1
ptp4l[1893521.507]: clock update master offset     415220 s2 freq +1000000 path delay         1
ptp4l[1893521.957]: clock update master offset       7625 s2 freq +321130 path delay         1
ptp4l[1893522.633]: clock update master offset    -541511 s2 freq -658264 path delay         1
ptp4l[1893523.084]: clock update master offset    -938364 s2 freq -1000000 path delay         1
ptp4l[1893523.760]: clock update master offset    -739977 s2 freq -1000000 path delay         1
ptp4l[1893524.210]: clock update master offset    -122575 s2 freq -827714 path delay         1
ptp4l[1893524.886]: clock update master offset     321437 s2 freq +328006 path delay         1
ptp4l[1893525.336]: clock update master offset    1070911 s2 freq +1000000 path delay         1
ptp4l[1893525.787]: clock update master offset    1073664 s2 freq +1000000 path delay         1
ptp4l[1893526.463]: clock update master offset     665069 s2 freq +1000000 path delay         1
ptp4l[1893526.913]: clock update master offset      51667 s2 freq +467910 path delay         1
ptp4l[1893527.589]: clock update master offset    -465293 s2 freq -569908 path delay         1
ptp4l[1893528.040]: clock update master offset    -965101 s2 freq -1000000 path delay         1
ptp4l[1893528.716]: clock update master offset    -819059 s2 freq -1000000 path delay         1
ptp4l[1893529.167]: clock update master offset    -203658 s2 freq -1000000 path delay         1
ptp4l[1893529.842]: clock update master offset     206937 s2 freq +153295 path delay         1
ptp4l[1893530.293]: clock update master offset    1059383 s2 freq +1000000 path delay         1
ptp4l[1893530.969]: clock update master offset    1170622 s2 freq +1000000 path delay         1
ptp4l[1893531.419]: clock update master offset     558221 s2 freq +1000000 path delay         1
ptp4l[1893531.870]: clock update master offset     148621 s2 freq +668583 path delay         1
ptp4l[1893532.546]: clock update master offset    -328099 s2 freq -358820 path delay         1
ptp4l[1893532.996]: clock update master offset    -949072 s2 freq -1000000 path delay         1
ptp4l[1893534.122]: clock update master offset    -932893 s2 freq -1000000 path delay         1
ptp4l[1893534.798]: clock update master offset      94109 s2 freq -429852 path delay         1
ptp4l[1893535.249]: clock update master offset     825691 s2 freq +1000000 path delay         1
ptp4l[1893535.699]: clock update master offset    1297643 s2 freq +1000000 path delay         1
ptp4l[1893536.375]: clock update master offset     888039 s2 freq +1000000 path delay         1
ptp4l[1893536.826]: clock update master offset     274641 s2 freq +1000000 path delay         1
ptp4l[1893537.502]: clock update master offset    -134963 s2 freq -139726 path delay         1
ptp4l[1893537.952]: clock update master offset    -980629 s2 freq -1000000 path delay         1
ptp4l[1893538.628]: clock update master offset   -1101189 s2 freq -1000000 path delay         1
ptp4l[1893539.079]: clock update master offset    -485791 s2 freq -1000000 path delay         1
ptp4l[1893539.755]: clock update master offset     -75189 s2 freq -545956 path delay         1
ptp4l[1893540.205]: clock update master offset     633556 s2 freq +900290 path delay         1
ptp4l[1893540.656]: clock update master offset    1155931 s2 freq +1000000 path delay         1
ptp4l[1893541.332]: clock update master offset     809665 s2 freq +1000000 path delay         1
ptp4l[1893541.782]: clock update master offset     197263 s2 freq +935869 path delay         1
ptp4l[1893542.458]: clock update master offset    -225522 s2 freq -262045 path delay         1
ptp4l[1893542.908]: clock update master offset   -1046131 s2 freq -1000000 path delay         1
ptp4l[1893543.584]: clock update master offset   -1089458 s2 freq -1000000 path delay         1
ptp4l[1893544.035]: clock update master offset    -474057 s2 freq -1000000 path delay         1
ptp4l[1893544.711]: clock update master offset     -63453 s2 freq -487553 path delay         1
ptp4l[1893545.161]: clock update master offset     658450 s2 freq +933513 path delay         1
ptp4l[1893545.612]: clock update master offset    1148209 s2 freq +1000000 path delay         1
ptp4l[1893546.288]: clock update master offset     781510 s2 freq +1000000 path delay         1
ptp4l[1893546.738]: clock update master offset     168102 s2 freq +872004 path delay         1
ptp4l[1893547.414]: clock update master offset    -266798 s2 freq -324919 path delay         1
ptp4l[1893547.865]: clock update master offset   -1047547 s2 freq -1000000 path delay         1
ptp4l[1893548.541]: clock update master offset   -1051210 s2 freq -1000000 path delay         1
ptp4l[1893548.992]: clock update master offset    -436809 s2 freq -1000000 path delay         1
ptp4l[1893549.667]: clock update master offset     -26205 s2 freq -394696 path delay         1
ptp4l[1893550.118]: clock update master offset     713604 s2 freq +1000000 path delay         1
ptp4l[1893550.568]: clock update master offset    1163991 s2 freq +1000000 path delay         1
ptp4l[1893551.244]: clock update master offset     755387 s2 freq +1000000 path delay         1
ptp4l[1893551.695]: clock update master offset     140988 s2 freq +810595 path delay         1
ptp4l[1893552.370]: clock update master offset    -307540 s2 freq -394435 path delay         1
ptp4l[1893552.821]: clock update master offset   -1050240 s2 freq -1000000 path delay         1
ptp4l[1893553.497]: clock update master offset   -1013146 s2 freq -1000000 path delay         1
ptp4l[1893553.947]: clock update master offset    -398745 s2 freq -1000000 path delay         1
ptp4l[1893554.398]: clock update master offset      11856 s2 freq -300787 path delay         1
ptp4l[1893555.074]: clock update master offset     567159 s2 freq +688779 path delay         1
ptp4l[1893555.524]: clock update master offset     955372 s2 freq +1000000 path delay         1
ptp4l[1893556.200]: clock update master offset     739230 s2 freq +1000000 path delay         1
ptp4l[1893556.651]: clock update master offset     125826 s2 freq +828168 path delay         1
ptp4l[1893557.327]: clock update master offset    -318098 s2 freq -332249 path delay         1
ptp4l[1893557.777]: clock update master offset   -1064433 s2 freq -1000000 path delay         1
ptp4l[1893558.453]: clock update master offset   -1065745 s2 freq -1000000 path delay         1
ptp4l[1893558.904]: clock update master offset    -449346 s2 freq -1000000 path delay         1
ptp4l[1893559.354]: clock update master offset     -39745 s2 freq -401556 path delay         1
ptp4l[1893560.030]: clock update master offset     493850 s2 freq +595757 path delay         1
ptp4l[1893560.481]: clock update master offset     946903 s2 freq +1000000 path delay         1
ptp4l[1893561.156]: clock update master offset     787957 s2 freq +1000000 path delay         1
ptp4l[1893561.607]: clock update master offset     173555 s2 freq +944530 path delay         1
ptp4l[1893562.283]: clock update master offset    -245451 s2 freq -199506 path delay         1
ptp4l[1893562.733]: clock update master offset   -1061214 s2 freq -1000000 path delay         1
ptp4l[1893563.409]: clock update master offset   -1143032 s2 freq -1000000 path delay         1
ptp4l[1893563.860]: clock update master offset    -526630 s2 freq -1000000 path delay         1
ptp4l[1893564.310]: clock update master offset    -116035 s2 freq -579409 path delay         1
ptp4l[1893564.986]: clock update master offset     380020 s2 freq +441174 path delay         1
ptp4l[1893565.437]: clock update master offset     947768 s2 freq +1000000 path delay         1
ptp4l[1893566.113]: clock update master offset     880914 s2 freq +1000000 path delay         1
ptp4l[1893566.564]: clock update master offset     267513 s2 freq +1000000 path delay         1
ptp4l[1893567.239]: clock update master offset    -141091 s2 freq  +28349 path delay         1
ptp4l[1893567.690]: clock update master offset    -954206 s2 freq -1000000 path delay         1
ptp4l[1893568.140]: clock update master offset   -1176189 s2 freq -1000000 path delay         1
ptp4l[1893568.816]: clock update master offset    -763593 s2 freq -1000000 path delay         1
ptp4l[1893569.267]: clock update master offset    -149192 s2 freq -744603 path delay         1
ptp4l[1893569.942]: clock update master offset     313901 s2 freq +373019 path delay         1
ptp4l[1893570.393]: clock update master offset    1002090 s2 freq +1000000 path delay         1
ptp4l[1893571.069]: clock update master offset     979164 s2 freq +1000000 path delay         1
ptp4l[1893571.519]: clock update master offset     366762 s2 freq +1000000 path delay         1
ptp4l[1893572.195]: clock update master offset     -42838 s2 freq +233987 path delay         1
ptp4l[1893572.646]: clock update master offset    -813671 s2 freq -1000000 path delay         1
ptp4l[1893573.096]: clock update master offset   -1163150 s2 freq -1000000 path delay         1
ptp4l[1893573.772]: clock update master offset    -752546 s2 freq -1000000 path delay         1
ptp4l[1893574.223]: clock update master offset    -137148 s2 freq -771929 path delay         1
ptp4l[1893574.899]: clock update master offset     320334 s2 freq +396774 path delay         1
ptp4l[1893575.350]: clock update master offset    1035794 s2 freq +1000000 path delay         1
ptp4l[1893576.025]: clock update master offset     999426 s2 freq +1000000 path delay         1
ptp4l[1893576.476]: clock update master offset     385028 s2 freq +1000000 path delay         1
ptp4l[1893577.151]: clock update master offset     -22576 s2 freq +271478 path delay         1
ptp4l[1893577.602]: clock update master offset    -786720 s2 freq -1000000 path delay         1
ptp4l[1893578.278]: clock update master offset   -1157644 s2 freq -1000000 path delay         1
ptp4l[1893578.728]: clock update master offset    -542246 s2 freq -1000000 path delay         1
ptp4l[1893579.179]: clock update master offset    -131642 s2 freq -698423 path delay         1
ptp4l[1893579.855]: clock update master offset     339945 s2 freq +417500 path delay         1
ptp4l[1893580.305]: clock update master offset    1000668 s2 freq +1000000 path delay         1
ptp4l[1893580.981]: clock update master offset     948369 s2 freq +1000000 path delay         1
ptp4l[1893581.432]: clock update master offset     334968 s2 freq +1000000 path delay         1
ptp4l[1893582.108]: clock update master offset     -73626 s2 freq +180803 path delay         1
ptp4l[1893582.558]: clock update master offset    -855612 s2 freq -1000000 path delay         1
ptp4l[1893583.009]: clock update master offset   -1170333 s2 freq -1000000 path delay         1
ptp4l[1893583.685]: clock update master offset    -759729 s2 freq -1000000 path delay         1
ptp4l[1893584.135]: clock update master offset    -143332 s2 freq -760227 path delay         1
ptp4l[1893584.811]: clock update master offset     316554 s2 freq +394317 path delay         1
ptp4l[1893585.262]: clock update master offset    1020936 s2 freq +1000000 path delay         1
ptp4l[1893585.937]: clock update master offset     984917 s2 freq +1000000 path delay         1
ptp4l[1893586.388]: clock update master offset     372515 s2 freq +1000000 path delay         1
ptp4l[1893587.064]: clock update master offset     -37089 s2 freq +248667 path delay         1
ptp4l[1893587.514]: clock update master offset    -803914 s2 freq -1000000 path delay         1
ptp4l[1893587.965]: clock update master offset   -1163387 s2 freq -1000000 path delay         1
ptp4l[1893588.641]: clock update master offset    -752792 s2 freq -1000000 path delay         1
ptp4l[1893589.091]: clock update master offset    -137391 s2 freq -771561 path delay         1
ptp4l[1893589.767]: clock update master offset     321162 s2 freq +402062 path delay         1
ptp4l[1893590.218]: clock update master offset    1036450 s2 freq +1000000 path delay         1
ptp4l[1893590.894]: clock update master offset     995636 s2 freq +1000000 path delay         1
ptp4l[1893591.344]: clock update master offset     383234 s2 freq +1000000 path delay         1
ptp4l[1893591.795]: clock update master offset     -25367 s2 freq +268097 path delay         1
ptp4l[1893592.471]: clock update master offset    -585428 s2 freq -715219 path delay         1
ptp4l[1893592.921]: clock update master offset    -950258 s2 freq -1000000 path delay         1
ptp4l[1893593.597]: clock update master offset    -716840 s2 freq -1000000 path delay         1
ptp4l[1893594.048]: clock update master offset    -100442 s2 freq -773410 path delay         1
ptp4l[1893594.724]: clock update master offset     356733 s2 freq +396363 path delay         1
ptp4l[1893595.174]: clock update master offset    1073355 s2 freq +1000000 path delay         1
ptp4l[1893595.850]: clock update master offset    1036267 s2 freq +1000000 path delay         1
ptp4l[1893596.300]: clock update master offset     421869 s2 freq +1000000 path delay         1
ptp4l[1893596.976]: clock update master offset      15273 s2 freq +338699 path delay         1
ptp4l[1893597.427]: clock update master offset    -735053 s2 freq -1000000 path delay         1
ptp4l[1893597.877]: clock update master offset   -1148309 s2 freq -1000000 path delay         1
ptp4l[1893598.553]: clock update master offset    -737708 s2 freq -1000000 path delay         1
ptp4l[1893599.004]: clock update master offset    -121306 s2 freq -765783 path delay         1
ptp4l[1893599.680]: clock update master offset     337436 s2 freq +430045 path delay         1
ptp4l[1893600.130]: clock update master offset    1054062 s2 freq +1000000 path delay         1
ptp4l[1893600.806]: clock update master offset     995053 s2 freq +1000000 path delay         1
ptp4l[1893601.257]: clock update master offset     382652 s2 freq +1000000 path delay         1
ptp4l[1893601.707]: clock update master offset     -26952 s2 freq +257507 path delay         1
ptp4l[1893602.383]: clock update master offset    -587160 s2 freq -717592 path delay         1
ptp4l[1893602.834]: clock update master offset    -945805 s2 freq -1000000 path delay         1
ptp4l[1893603.510]: clock update master offset    -706930 s2 freq -1000000 path delay         1
ptp4l[1893604.636]: clock update master offset     -92520 s2 freq -753659 path delay         1
ptp4l[1893605.087]: clock update master offset     984107 s2 freq +1000000 path delay         1
ptp4l[1893605.762]: clock update master offset    1654249 s2 freq +1000000 path delay         1
ptp4l[1893606.213]: clock update master offset    1040848 s2 freq +1000000 path delay         1
ptp4l[1893606.889]: clock update master offset     633243 s2 freq +1000000 path delay         1
ptp4l[1893607.339]: clock update master offset      19845 s2 freq +141477 path delay         1
ptp4l[1893607.790]: clock update master offset    -566244 s2 freq -735108 path delay         1
ptp4l[1893608.466]: clock update master offset    -804363 s2 freq -1000000 path delay         1
ptp4l[1893608.916]: clock update master offset    -406229 s2 freq -1000000 path delay         1
ptp4l[1893609.592]: clock update master offset       4372 s2 freq -422213 path delay         1
ptp4l[1893610.043]: clock update master offset     738547 s2 freq +960802 path delay         1
ptp4l[1893610.719]: clock update master offset    1196761 s2 freq +1000000 path delay         1
ptp4l[1893611.169]: clock update master offset     615512 s2 freq +1000000 path delay         1
ptp4l[1893611.620]: clock update master offset     207911 s2 freq +862409 path delay         1
ptp4l[1893612.296]: clock update master offset    -229964 s2 freq -260599 path delay         1
ptp4l[1893612.746]: clock update master offset    -988699 s2 freq -1000000 path delay         1
ptp4l[1893613.422]: clock update master offset   -1033920 s2 freq -1000000 path delay         1
ptp4l[1893613.873]: clock update master offset    -417522 s2 freq -1000000 path delay         1
ptp4l[1893614.548]: clock update master offset      -7918 s2 freq -388138 path delay         1
ptp4l[1893614.999]: clock update master offset     733258 s2 freq +1000000 path delay         1
ptp4l[1893615.675]: clock update master offset    1179095 s2 freq +1000000 path delay         1
ptp4l[1893616.125]: clock update master offset     565697 s2 freq +1000000 path delay         1
ptp4l[1893616.576]: clock update master offset     156093 s2 freq +756111 path delay         1
ptp4l[1893617.252]: clock update master offset    -301622 s2 freq -378730 path delay         1
ptp4l[1893617.702]: clock update master offset    -999860 s2 freq -1000000 path delay         1
ptp4l[1893618.378]: clock update master offset    -970431 s2 freq -1000000 path delay         1
ptp4l[1893618.829]: clock update master offset    -355030 s2 freq -1000000 path delay         1
ptp4l[1893619.505]: clock update master offset      55574 s2 freq -235068 path delay         1
ptp4l[1893619.955]: clock update master offset     828441 s2 freq +1000000 path delay         1
ptp4l[1893620.406]: clock update master offset    1179582 s2 freq +1000000 path delay         1
ptp4l[1893621.082]: clock update master offset     769978 s2 freq +1000000 path delay         1
ptp4l[1893621.532]: clock update master offset     157576 s2 freq +797454 path delay         1
ptp4l[1893622.208]: clock update master offset    -293666 s2 freq -365501 path delay         1
ptp4l[1893622.659]: clock update master offset   -1021685 s2 freq -1000000 path delay         1
ptp4l[1893623.334]: clock update master offset   -1001379 s2 freq -1000000 path delay         1
ptp4l[1893623.785]: clock update master offset    -385978 s2 freq -1000000 path delay         1
ptp4l[1893624.461]: clock update master offset      25616 s2 freq -279849 path delay         1
ptp4l[1893624.911]: clock update master offset     788023 s2 freq +1000000 path delay         1
ptp4l[1893625.362]: clock update master offset    1167741 s2 freq +1000000 path delay         1
ptp4l[1893626.038]: clock update master offset     758137 s2 freq +1000000 path delay         1
ptp4l[1893626.488]: clock update master offset     145731 s2 freq +795324 path delay         1
ptp4l[1893627.164]: clock update master offset    -305932 s2 freq -380712 path delay         1
ptp4l[1893627.615]: clock update master offset   -1034280 s2 freq -1000000 path delay         1
ptp4l[1893628.291]: clock update master offset   -1005648 s2 freq -1000000 path delay         1
ptp4l[1893628.741]: clock update master offset    -389241 s2 freq -1000000 path delay         1
ptp4l[1893629.417]: clock update master offset      20360 s2 freq -281252 path delay         1
ptp4l[1893629.868]: clock update master offset     783478 s2 freq +1000000 path delay         1
ptp4l[1893630.318]: clock update master offset    1161983 s2 freq +1000000 path delay         1
ptp4l[1893630.994]: clock update master offset     754379 s2 freq +1000000 path delay         1
ptp4l[1893631.445]: clock update master offset     140980 s2 freq +788830 path delay         1
ptp4l[1893632.120]: clock update master offset    -310026 s2 freq -384993 path delay         1
ptp4l[1893632.571]: clock update master offset   -1035935 s2 freq -1000000 path delay         1
ptp4l[1893633.247]: clock update master offset   -1003890 s2 freq -1000000 path delay         1
ptp4l[1893633.697]: clock update master offset    -388483 s2 freq -1000000 path delay         1
ptp4l[1893634.148]: clock update master offset      23113 s2 freq -274476 path delay         1
ptp4l[1893634.824]: clock update master offset     580870 s2 freq +713717 path delay         1
ptp4l[1893635.274]: clock update master offset     953932 s2 freq +1000000 path delay         1
ptp4l[1893635.950]: clock update master offset     721431 s2 freq +1000000 path delay         1
ptp4l[1893636.401]: clock update master offset     108034 s2 freq +793546 path delay         1
ptp4l[1893637.077]: clock update master offset    -343002 s2 freq -373222 path delay         1
ptp4l[1893637.527]: clock update master offset   -1068783 s2 freq -1000000 path delay         1
ptp4l[1893638.203]: clock update master offset   -1044742 s2 freq -1000000 path delay         1
ptp4l[1893638.654]: clock update master offset    -429341 s2 freq -1000000 path delay         1
ptp4l[1893639.104]: clock update master offset     -17737 s2 freq -348119 path delay         1
ptp4l[1893639.780]: clock update master offset     525883 s2 freq +641363 path delay         1
ptp4l[1893640.231]: clock update master offset     945132 s2 freq +1000000 path delay         1
ptp4l[1893640.906]: clock update master offset     755141 s2 freq +1000000 path delay         1
ptp4l[1893641.357]: clock update master offset     143739 s2 freq +876957 path delay         1
ptp4l[1893642.033]: clock update master offset    -291153 s2 freq -276098 path delay         1
ptp4l[1893642.483]: clock update master offset   -1065955 s2 freq -1000000 path delay         1
ptp4l[1893643.159]: clock update master offset   -1100651 s2 freq -1000000 path delay         1
ptp4l[1893643.610]: clock update master offset    -485253 s2 freq -1000000 path delay         1
ptp4l[1893644.286]: clock update master offset     -75649 s2 freq -480623 path delay         1
ptp4l[1893644.736]: clock update master offset     646505 s2 freq +931398 path delay         1
ptp4l[1893645.187]: clock update master offset    1135577 s2 freq +1000000 path delay         1
ptp4l[1893645.863]: clock update master offset     769174 s2 freq +1000000 path delay         1
ptp4l[1893646.313]: clock update master offset     155776 s2 freq +863534 path delay         1
ptp4l[1893646.989]: clock update master offset    -280874 s2 freq -335257 path delay         1
ptp4l[1893647.440]: clock update master offset   -1055811 s2 freq -1000000 path delay         1
ptp4l[1893648.116]: clock update master offset   -1054140 s2 freq -1000000 path delay         1
ptp4l[1893648.566]: clock update master offset    -438731 s2 freq -1000000 path delay         1
ptp4l[1893649.017]: clock update master offset     -29130 s2 freq -388974 path delay         1
ptp4l[1893649.692]: clock update master offset     506055 s2 freq +607093 path delay         1
ptp4l[1893650.143]: clock update master offset     950758 s2 freq +1000000 path delay         1
ptp4l[1893650.819]: clock update master offset     783847 s2 freq +1000000 path delay         1
ptp4l[1893651.269]: clock update master offset     171448 s2 freq +931475 path delay         1
ptp4l[1893651.945]: clock update master offset    -251239 s2 freq -213535 path delay         1
ptp4l[1893652.396]: clock update master offset   -1058875 s2 freq -1000000 path delay         1
ptp4l[1893653.072]: clock update master offset   -1131276 s2 freq -1000000 path delay         1
ptp4l[1893653.522]: clock update master offset    -516869 s2 freq -1000000 path delay         1
ptp4l[1893653.973]: clock update master offset    -104273 s2 freq -557177 path delay         1
ptp4l[1893654.649]: clock update master offset     396342 s2 freq +462068 path delay         1
ptp4l[1893655.099]: clock update master offset     949435 s2 freq +1000000 path delay         1
ptp4l[1893655.775]: clock update master offset     870750 s2 freq +1000000 path delay         1
ptp4l[1893656.226]: clock update master offset     258349 s2 freq +1000000 path delay         1
ptp4l[1893656.902]: clock update master offset    -151249 s2 freq   +3051 path delay         1
ptp4l[1893657.352]: clock update master offset    -969901 s2 freq -1000000 path delay         1
ptp4l[1893657.803]: clock update master offset   -1176291 s2 freq -1000000 path delay         1
ptp4l[1893658.479]: clock update master offset    -764687 s2 freq -1000000 path delay         1
ptp4l[1893658.929]: clock update master offset    -150286 s2 freq -742771 path delay         1
ptp4l[1893659.605]: clock update master offset     314179 s2 freq +370063 path delay         1
ptp4l[1893660.055]: clock update master offset    1000304 s2 freq +1000000 path delay         1
ptp4l[1893660.731]: clock update master offset     978195 s2 freq +1000000 path delay         1
ptp4l[1893661.182]: clock update master offset     365793 s2 freq +1000000 path delay         1
ptp4l[1893661.858]: clock update master offset     -42811 s2 freq +232374 path delay         1
ptp4l[1893662.308]: clock update master offset    -813982 s2 freq -1000000 path delay         1
ptp4l[1893662.759]: clock update master offset   -1162461 s2 freq -1000000 path delay         1
ptp4l[1893663.435]: clock update master offset    -752857 s2 freq -1000000 path delay         1
ptp4l[1893663.885]: clock update master offset    -136455 s2 freq -771622 path delay         1
ptp4l[1893664.561]: clock update master offset     321083 s2 freq +397381 path delay         1
ptp4l[1893665.012]: clock update master offset    1035438 s2 freq +1000000 path delay         1
ptp4l[1893665.688]: clock update master offset     998533 s2 freq +1000000 path delay         1
ptp4l[1893666.138]: clock update master offset     384127 s2 freq +1000000 path delay         1
ptp4l[1893666.814]: clock update master offset     -23474 s2 freq +268938 path delay         1
ptp4l[1893667.265]: clock update master offset 4294966508878 s2 freq +1000000 path delay         1
ptp4l[1893667.715]: clock update master offset 4294966549984 s2 freq +1000000 path delay         1
ptp4l[1893668.391]: clock update master offset 4294966141380 s2 freq +1000000 path delay         1
ptp4l[1893668.842]: clock update master offset 4294965527982 s2 freq +1000000 path delay         1
ptp4l[1893669.306]: clock update master offset 4294965119377 s2 freq +1000000 path delay         1
ptp4l[1893669.677]: clock update master offset 4294964505980 s2 freq +1000000 path delay         1
ptp4l[1893670.227]: clock update master offset 4294964164340 s2 freq +1000000 path delay         1
ptp4l[1893670.777]: clock update master offset 4294963665385 s2 freq +1000000 path delay         1
ptp4l[1893671.770]: clock update master offset 4294963167280 s2 freq +1000000 path delay         1
ptp4l[1893672.221]: clock update master offset 4294962461970 s2 freq +1000000 path delay         1
ptp4l[1893672.671]: clock update master offset 4294962053375 s2 freq +1000000 path delay         1
ptp4l[1893673.347]: clock update master offset 4294961645774 s2 freq +1000000 path delay         1
ptp4l[1893673.798]: clock update master offset 4294961031373 s2 freq +1000000 path delay         1
ptp4l[1893674.924]: clock update master offset 4294960622769 s2 freq +1000000 path delay         1
ptp4l[1893675.600]: clock update master offset 4294959600767 s2 freq +1000000 path delay         1
ptp4l[1893676.051]: clock update master offset 4294958987365 s2 freq +1000000 path delay         1
ptp4l[1893676.501]: clock update master offset 4294958577770 s2 freq +1000000 path delay         1
ptp4l[1893677.177]: clock update master offset 4294958169166 s2 freq +1000000 path delay         1
ptp4l[1893677.628]: clock update master offset 4294957555768 s2 freq +1000000 path delay         1
ptp4l[1893678.303]: clock update master offset 4294957147163 s2 freq +1000000 path delay         1
ptp4l[1893678.754]: clock update master offset 4294956533762 s2 freq +1000000 path delay         1
ptp4l[1893679.430]: clock update master offset 4294956125158 s2 freq +1000000 path delay         1
ptp4l[1893679.880]: clock update master offset 4294955511760 s2 freq +1000000 path delay         1
ptp4l[1893680.556]: clock update master offset 4294955104156 s2 freq +1000000 path delay         1
ptp4l[1893681.007]: clock update master offset 4294954489754 s2 freq +1000000 path delay         1
ptp4l[1893681.683]: clock update master offset 4294954082159 s2 freq +1000000 path delay         1
ptp4l[1893682.133]: clock update master offset 4294953468761 s2 freq +1000000 path delay         1
ptp4l[1893682.584]: clock update master offset 4294953060157 s2 freq +1000000 path delay         1
ptp4l[1893683.710]: clock update master offset 4294952650553 s2 freq +1000000 path delay         1
ptp4l[1893684.386]: clock update master offset 4294951628550 s2 freq +1000000 path delay         1
ptp4l[1893684.837]: clock update master offset 4294951015149 s2 freq +1000000 path delay         1
ptp4l[1893685.513]: clock update master offset 4294950606554 s2 freq +1000000 path delay         1
ptp4l[1893685.963]: clock update master offset 4294949993153 s2 freq +1000000 path delay         1
ptp4l[1893686.414]: clock update master offset 4294949584552 s2 freq +1000000 path delay         1
ptp4l[1893687.089]: clock update master offset 4294949175948 s2 freq +1000000 path delay         1
ptp4l[1893687.540]: clock update master offset 4294948562547 s2 freq +1000000 path delay         1
ptp4l[1893688.216]: clock update master offset 4294948154942 s2 freq +1000000 path delay         1
ptp4l[1893688.666]: clock update master offset 4294947541544 s2 freq +1000000 path delay         1
ptp4l[1893689.342]: clock update master offset 4294947132940 s2 freq +1000000 path delay         1
ptp4l[1893689.793]: clock update master offset 4294946519539 s2 freq +1000000 path delay         1
ptp4l[1893690.469]: clock update master offset 4294946108944 s2 freq +1000000 path delay         1
ptp4l[1893690.919]: clock update master offset 4294945497537 s2 freq +1000000 path delay         1
ptp4l[1893691.370]: clock update master offset 4294945087942 s2 freq +1000000 path delay         1
ptp4l[1893692.046]: clock update master offset 4294944678338 s2 freq +1000000 path delay         1
ptp4l[1893692.496]: clock update master offset 4294944064937 s2 freq +1000000 path delay         1
ptp4l[1893693.172]: clock update master offset 4294943656336 s2 freq +1000000 path delay         1
ptp4l[1893693.623]: clock update master offset 4294943043934 s2 freq +1000000 path delay         1
ptp4l[1893694.299]: clock update master offset 4294942636339 s2 freq +1000000 path delay         1
ptp4l[1893694.749]: clock update master offset 4294942022938 s2 freq +1000000 path delay         1
ptp4l[1893695.425]: clock update master offset 4294941613337 s2 freq +1000000 path delay         1
ptp4l[1893695.875]: clock update master offset 4294940999936 s2 freq +1000000 path delay         1
ptp4l[1893696.326]: clock update master offset 4294940591331 s2 freq +1000000 path delay         1
ptp4l[1893697.002]: clock update master offset 4294940181727 s2 freq +1000000 path delay         1
ptp4l[1893697.452]: clock update master offset 4294939569329 s2 freq +1000000 path delay         1
ptp4l[1893698.128]: clock update master offset 4294939159725 s2 freq +1000000 path delay         1
ptp4l[1893698.579]: clock update master offset 4294938546324 s2 freq +1000000 path delay         1
ptp4l[1893699.255]: clock update master offset 4294938138728 s2 freq +1000000 path delay         1
ptp4l[1893699.705]: clock update master offset 4294937525321 s2 freq +1000000 path delay         1
ptp4l[1893700.156]: clock update master offset 4294937115726 s2 freq +1000000 path delay         1
ptp4l[1893701.282]: clock update master offset 4294936708122 s2 freq +1000000 path delay         1
ptp4l[1893701.958]: clock update master offset 4294935686120 s2 freq +1000000 path delay         1
ptp4l[1893702.409]: clock update master offset 4294935073718 s2 freq +1000000 path delay         1
ptp4l[1893703.085]: clock update master offset 4294934664123 s2 freq +1000000 path delay         1
ptp4l[1893703.535]: clock update master offset 4294934050722 s2 freq +1000000 path delay         1
ptp4l[1893704.211]: clock update master offset 4294933641121 s2 freq +1000000 path delay         1
ptp4l[1893704.661]: clock update master offset 4294933028720 s2 freq +1000000 path delay         1
ptp4l[1893705.112]: clock update master offset 4294932619116 s2 freq +1000000 path delay         1
ptp4l[1893705.788]: clock update master offset 4294932210512 s2 freq +1000000 path delay         1
ptp4l[1893706.238]: clock update master offset 4294931598113 s2 freq +1000000 path delay         1
ptp4l[1893706.914]: clock update master offset 4294931188509 s2 freq +1000000 path delay         1
ptp4l[1893708.041]: clock update master offset 4294930575108 s2 freq +1000000 path delay         1
ptp4l[1893708.491]: clock update master offset 4294929554105 s2 freq +1000000 path delay         1
ptp4l[1893709.167]: clock update master offset 4294929145510 s2 freq +1000000 path delay         1
ptp4l[1893710.294]: clock update master offset 4294928532109 s2 freq +1000000 path delay         1
ptp4l[1893710.744]: clock update master offset 4294927510107 s2 freq +1000000 path delay         1
ptp4l[1893711.195]: clock update master offset 4294927101503 s2 freq +1000000 path delay         1
ptp4l[1893711.871]: clock update master offset 4294926691899 s2 freq +1000000 path delay         1
ptp4l[1893712.321]: clock update master offset 4294926078504 s2 freq +1000000 path delay         1
ptp4l[1893712.997]: clock update master offset 4294925669903 s2 freq +1000000 path delay         1
ptp4l[1893713.447]: clock update master offset 4294925056502 s2 freq +1000000 path delay         1
ptp4l[1893714.124]: clock update master offset 4294924647898 s2 freq +1000000 path delay         1
ptp4l[1893714.574]: clock update master offset 4294924035496 s2 freq +1000000 path delay         1
ptp4l[1893715.024]: clock update master offset 4294923626896 s2 freq +1000000 path delay         1
ptp4l[1893715.700]: clock update master offset 4294923217301 s2 freq +1000000 path delay         1
ptp4l[1893716.151]: clock update master offset 4294922604894 s2 freq +1000000 path delay         1
ptp4l[1893716.827]: clock update master offset 4294922195299 s2 freq +1000000 path delay         1
ptp4l[1893717.277]: clock update master offset 4294921582892 s2 freq +1000000 path delay         1
ptp4l[1893717.953]: clock update master offset 4294921173296 s2 freq +1000000 path delay         1
ptp4l[1893718.404]: clock update master offset 4294920560895 s2 freq +1000000 path delay         1
ptp4l[1893719.080]: clock update master offset 4294920151291 s2 freq +1000000 path delay         1
ptp4l[1893719.530]: clock update master offset 4294919537893 s2 freq +1000000 path delay         1
ptp4l[1893719.981]: clock update master offset 4294919129289 s2 freq +1000000 path delay         1
ptp4l[1893720.657]: clock update master offset 4294918720685 s2 freq +1000000 path delay         1
ptp4l[1893721.107]: clock update master offset 4294918107283 s2 freq +1000000 path delay         1
ptp4l[1893721.783]: clock update master offset 4294917699682 s2 freq +1000000 path delay         1
ptp4l[1893722.233]: clock update master offset 4294917085281 s2 freq +1000000 path delay         1
ptp4l[1893722.910]: clock update master offset 4294916677686 s2 freq +1000000 path delay         1
ptp4l[1893723.360]: clock update master offset 4294916064285 s2 freq +1000000 path delay         1
ptp4l[1893723.811]: clock update master offset 4294915655683 s2 freq +1000000 path delay         1
ptp4l[1893724.486]: clock update master offset 4294915246079 s2 freq +1000000 path delay         1
ptp4l[1893724.937]: clock update master offset 4294914633678 s2 freq +1000000 path delay         1
ptp4l[1893725.613]: clock update master offset 4294914224074 s2 freq +1000000 path delay         1
ptp4l[1893726.063]: clock update master offset 4294913610676 s2 freq +1000000 path delay         1
ptp4l[1893726.739]: clock update master offset 4294913201072 s2 freq +1000000 path delay         1
ptp4l[1893727.866]: clock update master offset 4294912588679 s2 freq +1000000 path delay         1
ptp4l[1893728.316]: clock update master offset 4294911566677 s2 freq +1000000 path delay         1
ptp4l[1893728.992]: clock update master offset 4294911159073 s2 freq +1000000 path delay         1
ptp4l[1893729.443]: clock update master offset 4294910544672 s2 freq +1000000 path delay         1
ptp4l[1893729.893]: clock update master offset 4294910137073 s2 freq +1000000 path delay         1
ptp4l[1893730.569]: clock update master offset 4294909728472 s2 freq +1000000 path delay         1
ptp4l[1893731.019]: clock update master offset 4294909115071 s2 freq +1000000 path delay         1
ptp4l[1893731.696]: clock update master offset 4294908704467 s2 freq +1000000 path delay         1
ptp4l[1893732.146]: clock update master offset 4294908093065 s2 freq +1000000 path delay         1
ptp4l[1893732.822]: clock update master offset 4294907683464 s2 freq +1000000 path delay         1
ptp4l[1893733.272]: clock update master offset 4294907071063 s2 freq +1000000 path delay         1
ptp4l[1893733.723]: clock update master offset 4294906661459 s2 freq +1000000 path delay         1
ptp4l[1893734.399]: clock update master offset 4294906253864 s2 freq +1000000 path delay         1
ptp4l[1893734.849]: clock update master offset 4294905639457 s2 freq +1000000 path delay         1
ptp4l[1893735.525]: clock update master offset 4294905230862 s2 freq +1000000 path delay         1
ptp4l[1893736.652]: clock update master offset 4294904618460 s2 freq +1000000 path delay         1
ptp4l[1893737.102]: clock update master offset 4294903596458 s2 freq +1000000 path delay         1
ptp4l[1893737.778]: clock update master offset 4294903187854 s2 freq +1000000 path delay         1
ptp4l[1893738.229]: clock update master offset 4294902573453 s2 freq +1000000 path delay         1
ptp4l[1893738.679]: clock update master offset 4294902164857 s2 freq +1000000 path delay         1
ptp4l[1893739.355]: clock update master offset 4294901755257 s2 freq +1000000 path delay         1
ptp4l[1893739.806]: clock update master offset 4294901142855 s2 freq +1000000 path delay         1
ptp4l[1893740.482]: clock update master offset 4294900734251 s2 freq +1000000 path delay         1
ptp4l[1893740.932]: clock update master offset 4294900120849 s2 freq +1000000 path delay         1
ptp4l[1893741.608]: clock update master offset 4294899712248 s2 freq +1000000 path delay         1
ptp4l[1893742.058]: clock update master offset 4294899098847 s2 freq +1000000 path delay         1
ptp4l[1893742.509]: clock update master offset 4294898691252 s2 freq +1000000 path delay         1
ptp4l[1893743.185]: clock update master offset 4294898281648 s2 freq +1000000 path delay         1
ptp4l[1893743.635]: clock update master offset 4294897669242 s2 freq +1000000 path delay         1
ptp4l[1893744.311]: clock update master offset 4294897260647 s2 freq +1000000 path delay         1
ptp4l[1893744.762]: clock update master offset 4294896646246 s2 freq +1000000 path delay         1
ptp4l[1893745.438]: clock update master offset 4294896236642 s2 freq +1000000 path delay         1
ptp4l[1893745.888]: clock update master offset 4294895625243 s2 freq +1000000 path delay         1
ptp4l[1893746.564]: clock update master offset 4294895215639 s2 freq +1000000 path delay         1
ptp4l[1893747.690]: clock update master offset 4294894603238 s2 freq +1000000 path delay         1
ptp4l[1893748.141]: clock update master offset 4294893579236 s2 freq +1000000 path delay         1
ptp4l[1893748.592]: clock update master offset 4294893171640 s2 freq +1000000 path delay         1
ptp4l[1893749.718]: clock update master offset 4294892764036 s2 freq +1000000 path delay         1
ptp4l[1893750.394]: clock update master offset 4294891742034 s2 freq +1000000 path delay         1
ptp4l[1893750.844]: clock update master offset 4294891127633 s2 freq +1000000 path delay         1
ptp4l[1893751.971]: clock update master offset 4294890719029 s2 freq +1000000 path delay         1
ptp4l[1893752.421]: clock update master offset 4294889697027 s2 freq +1000000 path delay         1
ptp4l[1893753.097]: clock update master offset 4294889287432 s2 freq +1000000 path delay         1
ptp4l[1893753.548]: clock update master offset 4294888674031 s2 freq +1000000 path delay         1
ptp4l[1893754.224]: clock update master offset 4294888265427 s2 freq +1000000 path delay         1
ptp4l[1893754.674]: clock update master offset 4294887653028 s2 freq +1000000 path delay         1
ptp4l[1893755.350]: clock update master offset 4294887244424 s2 freq +1000000 path delay         1
ptp4l[1893755.801]: clock update master offset 4294886631023 s2 freq +1000000 path delay         1
ptp4l[1893756.476]: clock update master offset 4294886223425 s2 freq +1000000 path delay         1
ptp4l[1893756.927]: clock update master offset 4294885609018 s2 freq +1000000 path delay         1
ptp4l[1893757.603]: clock update master offset 4294885201423 s2 freq +1000000 path delay         1
ptp4l[1893758.054]: clock update master offset 4294884587022 s2 freq +1000000 path delay         1
ptp4l[1893758.504]: clock update master offset 4294884178418 s2 freq +1000000 path delay         1
ptp4l[1893759.180]: clock update master offset 4294883768817 s2 freq +1000000 path delay         1
ptp4l[1893759.630]: clock update master offset 4294883156416 s2 freq +1000000 path delay         1
ptp4l[1893760.307]: clock update master offset 4294882746812 s2 freq +1000000 path delay         1
ptp4l[1893760.757]: clock update master offset 4294882135410 s2 freq +1000000 path delay         1
ptp4l[1893761.433]: clock update master offset 4294881724810 s2 freq +1000000 path delay         1
ptp4l[1893761.883]: clock update master offset 4294881112408 s2 freq +1000000 path delay         1
ptp4l[1893762.334]: clock update master offset 4294880702813 s2 freq +1000000 path delay         1
ptp4l[1893763.010]: clock update master offset 4294880295211 s2 freq +1000000 path delay         1
ptp4l[1893763.460]: clock update master offset 4294879681813 s2 freq +1000000 path delay         1
ptp4l[1893764.136]: clock update master offset 4294879273209 s2 freq +1000000 path delay         1
ptp4l[1893764.587]: clock update master offset 4294878659808 s2 freq +1000000 path delay         1
ptp4l[1893765.263]: clock update master offset 4294878251204 s2 freq +1000000 path delay         1
ptp4l[1893765.713]: clock update master offset 4294877638805 s2 freq +1000000 path delay         1
ptp4l[1893766.164]: clock update master offset 4294877230201 s2 freq +1000000 path delay         1
ptp4l[1893766.840]: clock update master offset 4294876819606 s2 freq +1000000 path delay         1
ptp4l[1893767.290]: clock update master offset 4294876206205 s2 freq +1000000 path delay         1
ptp4l[1893767.966]: clock update master offset 4294875797604 s2 freq +1000000 path delay         1
ptp4l[1893768.416]: clock update master offset 4294875184203 s2 freq +1000000 path delay         1
ptp4l[1893769.093]: clock update master offset 4294874775599 s2 freq +1000000 path delay         1
ptp4l[1893769.543]: clock update master offset 4294874163197 s2 freq +1000000 path delay         1
ptp4l[1893770.219]: clock update master offset 4294873755596 s2 freq +1000000 path delay         1
ptp4l[1893770.669]: clock update master offset 4294873140198 s2 freq +1000000 path delay         1
ptp4l[1893771.345]: clock update master offset 4294872732594 s2 freq +1000000 path delay         1
ptp4l[1893771.796]: clock update master offset 4294872119197 s2 freq +1000000 path delay         1
ptp4l[1893772.246]: clock update master offset 4294871710596 s2 freq +1000000 path delay         1
ptp4l[1893772.922]: clock update master offset 4294871300992 s2 freq +1000000 path delay         1
ptp4l[1893773.373]: clock update master offset 4294870689590 s2 freq +1000000 path delay         1
ptp4l[1893774.049]: clock update master offset 4294870278986 s2 freq +1000000 path delay         1
ptp4l[1893774.499]: clock update master offset 4294869667588 s2 freq +1000000 path delay         1
ptp4l[1893775.175]: clock update master offset 4294869256984 s2 freq +1000000 path delay         1
ptp4l[1893775.626]: clock update master offset 4294868643583 s2 freq +1000000 path delay         1
ptp4l[1893776.301]: clock update master offset 4294868234988 s2 freq +1000000 path delay         1
ptp4l[1893776.752]: clock update master offset 4294867621590 s2 freq +1000000 path delay         1
ptp4l[1893777.202]: clock update master offset 4294867213985 s2 freq +1000000 path delay         1
ptp4l[1893777.879]: clock update master offset 4294866806381 s2 freq +1000000 path delay         1
ptp4l[1893778.329]: clock update master offset 4294866192979 s2 freq +1000000 path delay         1
ptp4l[1893779.005]: clock update master offset 4294865784378 s2 freq +1000000 path delay         1
ptp4l[1893779.455]: clock update master offset 4294865170977 s2 freq +1000000 path delay         1
ptp4l[1893780.132]: clock update master offset 4294864761382 s2 freq +1000000 path delay         1
ptp4l[1893780.582]: clock update master offset 4294864148980 s2 freq +1000000 path delay         1
ptp4l[1893781.032]: clock update master offset 4294863738380 s2 freq +1000000 path delay         1
ptp4l[1893781.708]: clock update master offset 4294863330775 s2 freq +1000000 path delay         1
ptp4l[1893782.159]: clock update master offset 4294862717374 s2 freq +1000000 path delay         1
ptp4l[1893782.835]: clock update master offset 4294862307770 s2 freq +1000000 path delay         1
ptp4l[1893783.285]: clock update master offset 4294861695372 s2 freq +1000000 path delay         1
ptp4l[1893783.961]: clock update master offset 4294861286777 s2 freq +1000000 path delay         1
ptp4l[1893784.412]: clock update master offset 4294860672373 s2 freq +1000000 path delay         1
ptp4l[1893784.862]: clock update master offset 4294860264769 s2 freq +1000000 path delay         1
ptp4l[1893785.538]: clock update master offset 4294859856168 s2 freq +1000000 path delay         1
ptp4l[1893785.989]: clock update master offset 4294859242767 s2 freq +1000000 path delay         1
ptp4l[1893786.665]: clock update master offset 4294858833172 s2 freq +1000000 path delay         1
ptp4l[1893787.115]: clock update master offset 4294858220771 s2 freq +1000000 path delay         1
ptp4l[1893787.791]: clock update master offset 4294857811170 s2 freq +1000000 path delay         1
ptp4l[1893788.241]: clock update master offset 4294857198768 s2 freq +1000000 path delay         1
ptp4l[1893788.918]: clock update master offset 4294856790164 s2 freq +1000000 path delay         1
ptp4l[1893789.368]: clock update master offset 4294856175763 s2 freq +1000000 path delay         1
ptp4l[1893789.818]: clock update master offset 4294855767162 s2 freq +1000000 path delay         1
ptp4l[1893790.494]: clock update master offset 4294855359558 s2 freq +1000000 path delay         1
ptp4l[1893790.945]: clock update master offset 4294854745157 s2 freq +1000000 path delay         1
ptp4l[1893791.621]: clock update master offset 4294854337562 s2 freq +1000000 path delay         1
ptp4l[1893792.071]: clock update master offset 4294853725154 s2 freq +1000000 path delay         1
ptp4l[1893792.747]: clock update master offset 4294853316559 s2 freq +1000000 path delay         1
ptp4l[1893793.198]: clock update master offset 4294852702158 s2 freq +1000000 path delay         1
ptp4l[1893793.873]: clock update master offset 4294852293554 s2 freq +1000000 path delay         1
ptp4l[1893794.324]: clock update master offset 4294851680156 s2 freq +1000000 path delay         1
ptp4l[1893794.775]: clock update master offset 4294851270552 s2 freq +1000000 path delay         1
ptp4l[1893795.451]: clock update master offset 4294850861947 s2 freq +1000000 path delay         1
ptp4l[1893795.901]: clock update master offset 4294850248546 s2 freq +1000000 path delay         1
ptp4l[1893796.577]: clock update master offset 4294849840954 s2 freq +1000000 path delay         1
ptp4l[1893797.027]: clock update master offset 4294849226553 s2 freq +1000000 path delay         1
ptp4l[1893797.704]: clock update master offset 4294848818949 s2 freq +1000000 path delay         1
ptp4l[1893798.154]: clock update master offset 4294848204551 s2 freq +1000000 path delay         1
ptp4l[1893798.830]: clock update master offset 4294847796950 s2 freq +1000000 path delay         1
