ptp4l[1902993.485]: driver rejected most general HWTSTAMP filter
ptp4l[1902993.485]: port 1: INITIALIZING to LISTENING on INIT_COMPLETE
ptp4l[1902993.485]: port 0: INITIALIZING to LISTENING on INIT_COMPLETE
ptp4l[1902993.549]: port 1: new foreign master 20c9d0.fffe.32c61b-1
ptp4l[1902998.036]: selected best master clock 20c9d0.fffe.32c61b
ptp4l[1902998.036]: port 1: LISTENING to UNCALIBRATED on RS_SLAVE
ptp4l[1903001.402]: no adjust master offset 112486141641719 s0 freq   +2035 path delay         1
ptp4l[1903004.331]: no adjust master offset 112486141648719 s0 freq   +2848 path delay         1
ptp4l[1903006.359]: no adjust master offset 112486141651719 s0 freq   +1465 path delay         1
ptp4l[1903009.287]: no adjust master offset 112486141654719 s0 freq   +1465 path delay         1
ptp4l[1903011.315]: no adjust master offset 112486141662719 s0 freq   +3255 path delay         1
ptp4l[1903013.568]: no adjust master offset 112486141666719 s0 freq   +1953 path delay         1
ptp4l[1903015.820]: no adjust master offset 112486141667719 s0 freq    +543 path delay         1
ptp4l[1903018.073]: no adjust master offset 112486141674719 s0 freq   +3418 path delay         1
ptp4l[1903020.326]: no adjust master offset 112486141678719 s0 freq   +1953 path delay         1
ptp4l[1903022.354]: no adjust master offset 112486141682719 s0 freq   +1953 path delay         1
ptp4l[1903024.607]: no adjust master offset 112486141686719 s0 freq   +1953 path delay         1
ptp4l[1903026.859]: no adjust master offset 112486141691719 s0 freq   +2713 path delay         1
ptp4l[1903028.887]: no adjust master offset 112486141695719 s0 freq   +1953 path delay         1
ptp4l[1903031.140]: no adjust master offset 112486141699719 s0 freq   +1953 path delay         1
ptp4l[1903033.393]: no adjust master offset 112486141705719 s0 freq   +2930 path delay         1
ptp4l[1903035.645]: no adjust master offset 112486141708719 s0 freq   +1628 path delay         1
ptp4l[1903037.898]: no adjust master offset 112486141712719 s0 freq   +1953 path delay         1
ptp4l[1903039.926]: no adjust master offset 112486141717719 s0 freq   +2441 path delay         1
ptp4l[1903042.179]: no adjust master offset 112486141720719 s0 freq   +1465 path delay         1
ptp4l[1903044.431]: no adjust master offset 112486141726719 s0 freq   +3255 path delay         1
ptp4l[1903046.684]: no adjust master offset 112486141731719 s0 freq   +2441 path delay         1
ptp4l[1903048.712]: no adjust master offset 112486141734719 s0 freq   +1465 path delay         1
ptp4l[1903050.965]: no adjust master offset 112486141738719 s0 freq   +1953 path delay         1
ptp4l[1903053.217]: no adjust master offset 112486141743719 s0 freq   +2713 path delay         1
ptp4l[1903055.470]: no adjust master offset 112486141746719 s0 freq   +1465 path delay         1
ptp4l[1903057.723]: no adjust master offset 112486141751719 s0 freq   +2441 path delay         1
ptp4l[1903059.751]: no adjust master offset 112486141755719 s0 freq   +1953 path delay         1
ptp4l[1903062.003]: no adjust master offset 112486141759719 s0 freq   +1953 path delay         1
ptp4l[1903064.256]: no adjust master offset 112486141763719 s0 freq   +2170 path delay         1
ptp4l[1903066.509]: no adjust master offset 112486141769719 s0 freq   +2930 path delay         1
ptp4l[1903068.537]: no adjust master offset 112486141773719 s0 freq   +1953 path delay         1
ptp4l[1903070.789]: no adjust master offset 112486141776719 s0 freq   +1465 path delay         1
ptp4l[1903073.042]: no adjust master offset 112486141782719 s0 freq   +3255 path delay         1
ptp4l[1903075.295]: no adjust master offset 112486141786719 s0 freq   +1953 path delay         1
ptp4l[1903077.323]: no adjust master offset 112486141788719 s0 freq    +977 path delay         1
ptp4l[1903079.575]: no adjust master offset 112486141793719 s0 freq   +2441 path delay         1
ptp4l[1903081.828]: no adjust master offset 112486141798719 s0 freq   +2441 path delay         1
ptp4l[1903084.081]: no adjust master offset 112486141803719 s0 freq   +2713 path delay         1
ptp4l[1903086.109]: no adjust master offset 112486141806719 s0 freq   +1465 path delay         1
ptp4l[1903088.361]: no adjust master offset 112486141811719 s0 freq   +2441 path delay         1
ptp4l[1903090.614]: no adjust master offset 112486141815719 s0 freq   +1953 path delay         1
ptp4l[1903092.867]: no adjust master offset 112486141820719 s0 freq   +2713 path delay         1
ptp4l[1903094.667]: no adjust master offset 112486141823719 s0 freq   +1541 path delay         1
ptp4l[1903097.147]: no adjust master offset 112486141827719 s0 freq   +1862 path delay         1
ptp4l[1903099.400]: no adjust master offset 112486141831719 s0 freq   +1953 path delay         1
ptp4l[1903101.653]: no adjust master offset 112486141838719 s0 freq   +3798 path delay         1
ptp4l[1903103.906]: no adjust master offset 112486141839719 s0 freq    +488 path delay         1
ptp4l[1903105.933]: no adjust master offset 112486141845719 s0 freq   +2930 path delay         1
ptp4l[1903108.186]: no adjust master offset 112486141850719 s0 freq   +2441 path delay         1
ptp4l[1903110.439]: no adjust master offset 112486141854719 s0 freq   +2170 path delay         1
ptp4l[1903112.692]: no adjust master offset 112486141857719 s0 freq   +1465 path delay         1
ptp4l[1903114.719]: no adjust master offset 112486141863719 s0 freq   +2930 path delay         1
ptp4l[1903116.972]: no adjust master offset 112486141867719 s0 freq   +1953 path delay         1
ptp4l[1903119.225]: no adjust master offset 112486141871719 s0 freq   +2170 path delay         1
ptp4l[1903121.478]: no adjust master offset 112486141875719 s0 freq   +1953 path delay         1
ptp4l[1903123.731]: no adjust master offset 112486141879719 s0 freq   +1953 path delay         1
ptp4l[1903125.758]: no adjust master offset 112486141883719 s0 freq   +1953 path delay         1
ptp4l[1903128.011]: no adjust master offset 112486141888719 s0 freq   +2441 path delay         1
ptp4l[1903130.264]: no adjust master offset 112486141892719 s0 freq   +2170 path delay         1
ptp4l[1903132.517]: no adjust master offset 112486141896719 s0 freq   +1953 path delay         1
ptp4l[1903134.544]: no adjust master offset 112486141900719 s0 freq   +1953 path delay         1
ptp4l[1903136.797]: no adjust master offset 112486141907719 s0 freq   +3418 path delay         1
ptp4l[1903139.050]: no adjust master offset 112486141908719 s0 freq    +543 path delay         1
ptp4l[1903141.303]: no adjust master offset 112486141912719 s0 freq   +1953 path delay         1
ptp4l[1903143.330]: no adjust master offset 112486141918719 s0 freq   +2930 path delay         1
ptp4l[1903145.583]: no adjust master offset 112486141923719 s0 freq   +2441 path delay         1
ptp4l[1903147.836]: no adjust master offset 112486141927719 s0 freq   +2170 path delay         1
ptp4l[1903150.089]: no adjust master offset 112486141930719 s0 freq   +1465 path delay         1
ptp4l[1903152.116]: no adjust master offset 112486141935719 s0 freq   +2441 path delay         1
ptp4l[1903154.369]: no adjust master offset 112486141939719 s0 freq   +1953 path delay         1
ptp4l[1903156.622]: no adjust master offset 112486141943719 s0 freq   +1953 path delay         1
ptp4l[1903158.875]: no adjust master offset 112486141948719 s0 freq   +2713 path delay         1
ptp4l[1903161.128]: no adjust master offset 112486141952719 s0 freq   +1953 path delay         1
ptp4l[1903163.155]: no adjust master offset 112486141958719 s0 freq   +2930 path delay         1
ptp4l[1903165.408]: no adjust master offset 112486141962719 s0 freq   +1953 path delay         1
ptp4l[1903167.661]: no adjust master offset 112486141964719 s0 freq   +1085 path delay         1
ptp4l[1903169.914]: no adjust master offset 112486141970719 s0 freq   +2930 path delay         1
ptp4l[1903171.941]: no adjust master offset 112486141974719 s0 freq   +1953 path delay         1
ptp4l[1903174.194]: no adjust master offset 112486141978719 s0 freq   +1953 path delay         1
ptp4l[1903176.447]: no adjust master offset 112486141981719 s0 freq   +1628 path delay         1
ptp4l[1903178.700]: no adjust master offset 112486141986719 s0 freq   +2441 path delay         1
ptp4l[1903180.727]: no adjust master offset 112486141990719 s0 freq   +1953 path delay         1
ptp4l[1903182.980]: no adjust master offset 112486141995719 s0 freq   +2441 path delay         1
ptp4l[1903185.233]: no adjust master offset 112486141999719 s0 freq   +2170 path delay         1
ptp4l[1903187.486]: no adjust master offset 112486142003719 s0 freq   +1953 path delay         1
ptp4l[1903189.513]: no adjust master offset 112486142008719 s0 freq   +2441 path delay         1
ptp4l[1903191.766]: no adjust master offset 112486142012719 s0 freq   +1953 path delay         1
ptp4l[1903194.019]: no adjust master offset 112486142016719 s0 freq   +1953 path delay         1
ptp4l[1903196.272]: no adjust master offset 112486142021719 s0 freq   +2713 path delay         1
ptp4l[1903198.524]: no adjust master offset 112486142025719 s0 freq   +1953 path delay         1
ptp4l[1903200.552]: no adjust master offset 112486142030719 s0 freq   +2441 path delay         1
ptp4l[1903202.805]: no adjust master offset 112486142033719 s0 freq   +1465 path delay         1
ptp4l[1903204.679]: no adjust master offset 112486142038719 s0 freq   +2713 path delay         1
ptp4l[1903207.310]: no adjust master offset 112486142041719 s0 freq   +1465 path delay         1
ptp4l[1903209.338]: no adjust master offset 112486142046719 s0 freq   +2441 path delay         1
ptp4l[1903211.591]: no adjust master offset 112486142049719 s0 freq   +1465 path delay         1
ptp4l[1903213.844]: no adjust master offset 112486142054719 s0 freq   +2713 path delay         1
ptp4l[1903216.096]: no adjust master offset 112486142059719 s0 freq   +2441 path delay         1
ptp4l[1903218.124]: no adjust master offset 112486142063719 s0 freq   +1953 path delay         1
ptp4l[1903220.377]: no adjust master offset 112486142067719 s0 freq   +1953 path delay         1
ptp4l[1903222.630]: no adjust master offset 112486142071719 s0 freq   +2170 path delay         1
ptp4l[1903224.882]: no adjust master offset 112486142077719 s0 freq   +2930 path delay         1
ptp4l[1903227.135]: no adjust master offset 112486142081719 s0 freq   +1953 path delay         1
ptp4l[1903229.163]: no adjust master offset 112486142083719 s0 freq    +977 path delay         1
ptp4l[1903231.416]: no adjust master offset 112486142088719 s0 freq   +2441 path delay         1
ptp4l[1903233.668]: no adjust master offset 112486142093719 s0 freq   +2713 path delay         1
ptp4l[1903235.921]: no adjust master offset 112486142097719 s0 freq   +1953 path delay         1
ptp4l[1903237.949]: no adjust master offset 112486142101719 s0 freq   +1953 path delay         1
ptp4l[1903240.202]: no adjust master offset 112486142106719 s0 freq   +2441 path delay         1
ptp4l[1903242.454]: no adjust master offset 112486142110719 s0 freq   +2170 path delay         1
ptp4l[1903244.707]: no adjust master offset 112486142114719 s0 freq   +1953 path delay         1
ptp4l[1903246.735]: no adjust master offset 112486142118719 s0 freq   +1953 path delay         1
ptp4l[1903248.988]: no adjust master offset 112486142123719 s0 freq   +2441 path delay         1
ptp4l[1903251.240]: no adjust master offset 112486142126719 s0 freq   +1628 path delay         1
ptp4l[1903253.493]: no adjust master offset 112486142132719 s0 freq   +2930 path delay         1
ptp4l[1903255.746]: no adjust master offset 112486142135719 s0 freq   +1465 path delay         1
ptp4l[1903257.774]: no adjust master offset 112486142139719 s0 freq   +1953 path delay         1
ptp4l[1903260.026]: no adjust master offset 112486142143719 s0 freq   +1953 path delay         1
ptp4l[1903262.279]: no adjust master offset 112486142147719 s0 freq   +2170 path delay         1
ptp4l[1903264.532]: no adjust master offset 112486142151719 s0 freq   +1953 path delay         1
ptp4l[1903266.560]: no adjust master offset 112486142156719 s0 freq   +2441 path delay         1
ptp4l[1903268.812]: no adjust master offset 112486142161719 s0 freq   +2441 path delay         1
ptp4l[1903271.065]: no adjust master offset 112486142164719 s0 freq   +1628 path delay         1
ptp4l[1903273.319]: no adjust master offset 112486142169719 s0 freq   +2441 path delay         1
ptp4l[1903276.022]: no adjust master offset 112486142174719 s0 freq   +2034 path delay         1
ptp4l[1903278.275]: no adjust master offset 112486142179719 s0 freq   +2441 path delay         1
ptp4l[1903280.303]: no adjust master offset 112486142183719 s0 freq   +1953 path delay         1
ptp4l[1903282.555]: no adjust master offset 112486142187719 s0 freq   +1953 path delay         1
ptp4l[1903284.808]: no adjust master offset 112486142192719 s0 freq   +2713 path delay         1
ptp4l[1903287.061]: no adjust master offset 112486142196719 s0 freq   +1953 path delay         1
ptp4l[1903289.088]: no adjust master offset 112486142201719 s0 freq   +2441 path delay         1
ptp4l[1903291.341]: no adjust master offset 112486142204719 s0 freq   +1465 path delay         1
ptp4l[1903293.594]: no adjust master offset 112486142208719 s0 freq   +1953 path delay         1
ptp4l[1903295.847]: no adjust master offset 112486142214719 s0 freq   +3255 path delay         1
ptp4l[1903298.550]: no adjust master offset 112486142217719 s0 freq   +1221 path delay         1
ptp4l[1903300.803]: no adjust master offset 112486142221719 s0 freq   +1953 path delay         1
ptp4l[1903303.507]: no adjust master offset 112486142229719 s0 freq   +3255 path delay         1
ptp4l[1903306.210]: no adjust master offset 112486142231719 s0 freq    +977 path delay         1
ptp4l[1903308.463]: no adjust master offset 112486142237719 s0 freq   +2441 path delay         1
ptp4l[1903310.716]: no adjust master offset 112486142241719 s0 freq   +1953 path delay         1
ptp4l[1903313.419]: no adjust master offset 112486142247719 s0 freq   +2441 path delay         1
ptp4l[1903315.672]: no adjust master offset 112486142252719 s0 freq   +2441 path delay         1
ptp4l[1903317.699]: no adjust master offset 112486142255719 s0 freq   +1465 path delay         1
ptp4l[1903319.952]: no adjust master offset 112486142259719 s0 freq   +1953 path delay         1
ptp4l[1903322.205]: no adjust master offset 112486142264719 s0 freq   +2713 path delay         1
ptp4l[1903324.458]: no adjust master offset 112486142269719 s0 freq   +2441 path delay         1
ptp4l[1903326.485]: no adjust master offset 112486142271719 s0 freq    +977 path delay         1
ptp4l[1903328.738]: no adjust master offset 112486142275719 s0 freq   +1953 path delay         1
ptp4l[1903330.991]: no adjust master offset 112486142281719 s0 freq   +2930 path delay         1
ptp4l[1903333.244]: no adjust master offset 112486142284719 s0 freq   +1628 path delay         1
ptp4l[1903335.271]: no adjust master offset 112486142288719 s0 freq   +1953 path delay         1
ptp4l[1903337.524]: no adjust master offset 112486142293719 s0 freq   +2441 path delay         1
ptp4l[1903339.777]: no adjust master offset 112486142299719 s0 freq   +2930 path delay         1
ptp4l[1903342.030]: no adjust master offset 112486142300719 s0 freq    +543 path delay         1
ptp4l[1903344.283]: no adjust master offset 112486142305719 s0 freq   +2441 path delay         1
ptp4l[1903346.986]: no adjust master offset 112486142310719 s0 freq   +2034 path delay         1
ptp4l[1903349.239]: no adjust master offset 112486142315719 s0 freq   +2441 path delay         1
ptp4l[1903351.267]: no adjust master offset 112486142320719 s0 freq   +2441 path delay         1
ptp4l[1903353.970]: no adjust master offset 112486142323719 s0 freq   +1221 path delay         1
ptp4l[1903356.223]: no adjust master offset 112486142328719 s0 freq   +2441 path delay         1
ptp4l[1903358.476]: no adjust master offset 112486142334719 s0 freq   +2930 path delay         1
ptp4l[1903360.729]: no adjust master offset 112486142335719 s0 freq    +543 path delay         1
ptp4l[1903362.981]: no adjust master offset 112486142340719 s0 freq   +2441 path delay         1
ptp4l[1903365.009]: no adjust master offset 112486142345719 s0 freq   +2441 path delay         1
ptp4l[1903367.262]: no adjust master offset 112486142351719 s0 freq   +2930 path delay         1
ptp4l[1903369.515]: no adjust master offset 112486142354719 s0 freq   +1628 path delay         1
ptp4l[1903372.218]: no adjust master offset 112486142358719 s0 freq   +1953 path delay         1
ptp4l[1903374.471]: no adjust master offset 112486142363719 s0 freq   +2034 path delay         1
ptp4l[1903376.724]: no adjust master offset 112486142367719 s0 freq   +1953 path delay         1
ptp4l[1903378.751]: no adjust master offset 112486142373719 s0 freq   +2930 path delay         1
ptp4l[1903381.004]: no adjust master offset 112486142376719 s0 freq   +1465 path delay         1
ptp4l[1903383.257]: no adjust master offset 112486142380719 s0 freq   +2170 path delay         1
ptp4l[1903385.510]: no adjust master offset 112486142386719 s0 freq   +2930 path delay         1
ptp4l[1903387.537]: no adjust master offset 112486142388719 s0 freq    +977 path delay         1
ptp4l[1903389.790]: no adjust master offset 112486142392719 s0 freq   +1953 path delay         1
ptp4l[1903392.043]: no adjust master offset 112486142397719 s0 freq   +2441 path delay         1
ptp4l[1903394.296]: no adjust master offset 112486142402719 s0 freq   +2713 path delay         1
ptp4l[1903396.323]: no adjust master offset 112486142406719 s0 freq   +1953 path delay         1
ptp4l[1903398.576]: no adjust master offset 112486142410719 s0 freq   +1953 path delay         1
ptp4l[1903400.829]: no adjust master offset 112486142415719 s0 freq   +2441 path delay         1
ptp4l[1903403.082]: no adjust master offset 112486142419719 s0 freq   +2170 path delay         1
ptp4l[1903405.334]: no adjust master offset 112486142423719 s0 freq   +1953 path delay         1
ptp4l[1903407.362]: no adjust master offset 112486142427719 s0 freq   +1953 path delay         1
ptp4l[1903409.615]: no adjust master offset 112486142431719 s0 freq   +1953 path delay         1
ptp4l[1903411.868]: no adjust master offset 112486142436719 s0 freq   +2713 path delay         1
ptp4l[1903414.571]: no adjust master offset 112486142442719 s0 freq   +2254 path delay         1
ptp4l[1903417.274]: no adjust master offset 112486142445719 s0 freq   +1221 path delay         1
ptp4l[1903419.978]: no adjust master offset 112486142453719 s0 freq   +3255 path delay         1
ptp4l[1903422.231]: no adjust master offset 112486142457719 s0 freq   +1953 path delay         1
ptp4l[1903424.934]: no adjust master offset 112486142459719 s0 freq    +977 path delay         1
ptp4l[1903427.863]: no adjust master offset 112486142467719 s0 freq   +2790 path delay         1
ptp4l[1903430.566]: no adjust master offset 112486142470719 s0 freq   +1221 path delay         1
ptp4l[1903432.819]: no adjust master offset 112486142475719 s0 freq   +2441 path delay         1
ptp4l[1903434.846]: no adjust master offset 112486142480719 s0 freq   +2441 path delay         1
ptp4l[1903437.099]: no adjust master offset 112486142485719 s0 freq   +2441 path delay         1
ptp4l[1903439.352]: no adjust master offset 112486142488719 s0 freq   +1628 path delay         1
ptp4l[1903441.605]: no adjust master offset 112486142492719 s0 freq   +1953 path delay         1
ptp4l[1903444.309]: no adjust master offset 112486142498719 s0 freq   +2441 path delay         1
ptp4l[1903446.561]: no adjust master offset 112486142502719 s0 freq   +1953 path delay         1
ptp4l[1903448.589]: no adjust master offset 112486142508719 s0 freq   +2930 path delay         1
ptp4l[1903450.842]: no adjust master offset 112486142510719 s0 freq    +977 path delay         1
ptp4l[1903453.545]: no adjust master offset 112486142514719 s0 freq   +1953 path delay         1
ptp4l[1903456.474]: no adjust master offset 112486142522719 s0 freq   +2790 path delay         1
ptp4l[1903458.501]: no adjust master offset 112486142526719 s0 freq   +1953 path delay         1
ptp4l[1903460.754]: no adjust master offset 112486142529719 s0 freq   +1465 path delay         1
ptp4l[1903463.457]: no adjust master offset 112486142536719 s0 freq   +2848 path delay         1
ptp4l[1903466.386]: no adjust master offset 112486142540719 s0 freq   +1628 path delay         1
ptp4l[1903468.414]: no adjust master offset 112486142544719 s0 freq   +1953 path delay         1
ptp4l[1903470.667]: no adjust master offset 112486142549719 s0 freq   +2441 path delay         1
ptp4l[1903473.370]: no adjust master offset 112486142552719 s0 freq   +1628 path delay         1
ptp4l[1903475.623]: no adjust master offset 112486142560719 s0 freq   +3005 path delay         1
ptp4l[1903477.875]: no adjust master offset 112486142561719 s0 freq    +543 path delay         1
ptp4l[1903480.579]: no adjust master offset 112486142567719 s0 freq   +2254 path delay         1
ptp4l[1903482.832]: no adjust master offset 112486142573719 s0 freq   +3255 path delay         1
ptp4l[1903485.084]: no adjust master offset 112486142575719 s0 freq    +977 path delay         1
ptp4l[1903487.112]: no adjust master offset 112486142580719 s0 freq   +2441 path delay         1
ptp4l[1903489.365]: no adjust master offset 112486142585719 s0 freq   +2441 path delay         1
ptp4l[1903492.068]: no adjust master offset 112486142589719 s0 freq   +1628 path delay         1
ptp4l[1903494.321]: no adjust master offset 112486142594719 s0 freq   +2441 path delay         1
ptp4l[1903496.574]: no adjust master offset 112486142597719 s0 freq   +1465 path delay         1
ptp4l[1903498.827]: no adjust master offset 112486142603719 s0 freq   +3255 path delay         1
ptp4l[1903500.854]: no adjust master offset 112486142606719 s0 freq   +1465 path delay         1
ptp4l[1903503.107]: no adjust master offset 112486142612719 s0 freq   +2930 path delay         1
ptp4l[1903505.360]: no adjust master offset 112486142614719 s0 freq   +1085 path delay         1
ptp4l[1903507.613]: no adjust master offset 112486142619719 s0 freq   +2441 path delay         1
ptp4l[1903509.640]: no adjust master offset 112486142624719 s0 freq   +2441 path delay         1
ptp4l[1903511.893]: no adjust master offset 112486142629719 s0 freq   +2441 path delay         1
ptp4l[1903514.597]: no adjust master offset 112486142631719 s0 freq    +814 path delay         1
ptp4l[1903517.525]: no adjust master offset 112486142638719 s0 freq   +3418 path delay         1
ptp4l[1903520.229]: no adjust master offset 112486142642719 s0 freq   +1395 path delay         1
ptp4l[1903522.481]: no adjust master offset 112486142646719 s0 freq   +1953 path delay         1
ptp4l[1903524.509]: no adjust master offset 112486142652719 s0 freq   +2930 path delay         1
ptp4l[1903526.762]: no adjust master offset 112486142657719 s0 freq   +2441 path delay         1
ptp4l[1903529.015]: no adjust master offset 112486142659719 s0 freq   +1085 path delay         1
ptp4l[1903531.718]: no adjust master offset 112486142666719 s0 freq   +2629 path delay         1
ptp4l[1903533.612]: no adjust master offset 112486142670719 s0 freq   +2170 path delay         1
ptp4l[1903536.224]: no adjust master offset 112486142675719 s0 freq   +2441 path delay         1
ptp4l[1903538.927]: no adjust master offset 112486142679719 s0 freq   +1628 path delay         1
ptp4l[1903541.180]: no adjust master offset 112486142681719 s0 freq    +977 path delay         1
ptp4l[1903543.207]: no adjust master offset 112486142687719 s0 freq   +2930 path delay         1
ptp4l[1903545.461]: no adjust master offset 112486142692719 s0 freq   +2441 path delay         1
ptp4l[1903547.713]: no adjust master offset 112486142695719 s0 freq   +1628 path delay         1
ptp4l[1903550.416]: no adjust master offset 112486142699719 s0 freq   +1953 path delay         1
ptp4l[1903552.669]: no adjust master offset 112486142704719 s0 freq   +2035 path delay         1
ptp4l[1903554.922]: no adjust master offset 112486142709719 s0 freq   +2441 path delay         1
ptp4l[1903557.175]: no adjust master offset 112486142712719 s0 freq   +1465 path delay         1
ptp4l[1903559.878]: no adjust master offset 112486142719719 s0 freq   +2848 path delay         1
ptp4l[1903562.582]: no adjust master offset 112486142724719 s0 freq   +2035 path delay         1
ptp4l[1903564.835]: no adjust master offset 112486142728719 s0 freq   +1953 path delay         1
ptp4l[1903567.538]: no adjust master offset 112486142732719 s0 freq   +1628 path delay         1
ptp4l[1903570.241]: no adjust master offset 112486142737719 s0 freq   +2441 path delay         1
ptp4l[1903572.494]: no adjust master offset 112486142743719 s0 freq   +2441 path delay         1
ptp4l[1903574.747]: no adjust master offset 112486142747719 s0 freq   +1953 path delay         1
ptp4l[1903576.775]: no adjust master offset 112486142750719 s0 freq   +1465 path delay         1
ptp4l[1903579.027]: no adjust master offset 112486142755719 s0 freq   +2441 path delay         1
ptp4l[1903581.280]: no adjust master offset 112486142759719 s0 freq   +2170 path delay         1
ptp4l[1903583.533]: no adjust master offset 112486142762719 s0 freq   +1465 path delay         1
ptp4l[1903585.561]: no adjust master offset 112486142767719 s0 freq   +2441 path delay         1
ptp4l[1903588.489]: no adjust master offset 112486142773719 s0 freq   +2441 path delay         1
ptp4l[1903591.193]: no adjust master offset 112486142777719 s0 freq   +1628 path delay         1
ptp4l[1903593.445]: no adjust master offset 112486142782719 s0 freq   +2441 path delay         1
ptp4l[1903596.599]: no adjust master offset 112486142788719 s0 freq   +2441 path delay         1
ptp4l[1903598.852]: no adjust master offset 112486142793719 s0 freq   +1878 path delay         1
ptp4l[1903601.105]: no adjust master offset 112486142797719 s0 freq   +2170 path delay         1
ptp4l[1903603.808]: no adjust master offset 112486142801719 s0 freq   +1502 path delay         1
ptp4l[1903606.061]: no adjust master offset 112486142808719 s0 freq   +3798 path delay         1
ptp4l[1903608.314]: no adjust master offset 112486142812719 s0 freq   +1953 path delay         1
ptp4l[1903610.342]: no adjust master offset 112486142815719 s0 freq   +1465 path delay         1
ptp4l[1903612.595]: no adjust master offset 112486142819719 s0 freq   +1953 path delay         1
ptp4l[1903614.847]: no adjust master offset 112486142825719 s0 freq   +3255 path delay         1
ptp4l[1903616.670]: no adjust master offset 112486142828719 s0 freq   +1524 path delay         1
ptp4l[1903619.128]: no adjust master offset 112486142831719 s0 freq   +1410 path delay         1
ptp4l[1903621.381]: no adjust master offset 112486142837719 s0 freq   +2930 path delay         1
ptp4l[1903623.633]: no adjust master offset 112486142841719 s0 freq   +2170 path delay         1
ptp4l[1903625.886]: no adjust master offset 112486142845719 s0 freq   +1953 path delay         1
ptp4l[1903627.914]: no adjust master offset 112486142849719 s0 freq   +1953 path delay         1
ptp4l[1903630.167]: no adjust master offset 112486142854719 s0 freq   +2441 path delay         1
ptp4l[1903632.870]: no adjust master offset 112486142858719 s0 freq   +1628 path delay         1
ptp4l[1903635.123]: no adjust master offset 112486142864719 s0 freq   +2930 path delay         1
ptp4l[1903637.826]: no adjust master offset 112486142868719 s0 freq   +1628 path delay         1
